2026-07-07 13:12:48.287 +06:00 [WRN] [] Entity 'Organization' has a global query filter defined and is the required end of a relationship with the entity 'ActivityLog'. This may lead to unexpected results when the required entity is filtered out. Either configure the navigation as optional, or define matching query filters for both entities in the navigation. See https://go.microsoft.com/fwlink/?linkid=2131316 for more information.
2026-07-07 13:12:48.323 +06:00 [WRN] [] Entity 'User' has a global query filter defined and is the required end of a relationship with the entity 'TaskAssignee'. This may lead to unexpected results when the required entity is filtered out. Either configure the navigation as optional, or define matching query filters for both entities in the navigation. See https://go.microsoft.com/fwlink/?linkid=2131316 for more information.
2026-07-07 13:12:48.328 +06:00 [WRN] [] Sensitive data logging is enabled. Log entries and exception messages may include sensitive application data; this mode should only be enabled during development.
2026-07-07 13:12:48.705 +06:00 [INF] [] Executed DbCommand (16ms) [Parameters=[], CommandType='"Text"', CommandTimeout='30']
SELECT "MigrationId", "ProductVersion"
FROM "__EFMigrationsHistory"
ORDER BY "MigrationId";
2026-07-07 13:12:49.032 +06:00 [INF] [] Executed DbCommand (5ms) [Parameters=[], CommandType='"Text"', CommandTimeout='30']
CREATE TABLE IF NOT EXISTS "__EFMigrationsHistory" (
    "MigrationId" character varying(150) NOT NULL,
    "ProductVersion" character varying(32) NOT NULL,
    CONSTRAINT "PK___EFMigrationsHistory" PRIMARY KEY ("MigrationId")
);
2026-07-07 13:12:49.047 +06:00 [INF] [] Executed DbCommand (1ms) [Parameters=[], CommandType='"Text"', CommandTimeout='30']
LOCK TABLE "__EFMigrationsHistory" IN ACCESS EXCLUSIVE MODE
2026-07-07 13:12:49.050 +06:00 [INF] [] Executed DbCommand (1ms) [Parameters=[], CommandType='"Text"', CommandTimeout='30']
SELECT "MigrationId", "ProductVersion"
FROM "__EFMigrationsHistory"
ORDER BY "MigrationId";
2026-07-07 13:12:49.065 +06:00 [INF] [] Starting database seeding...
2026-07-07 13:12:49.262 +06:00 [INF] [] Executed DbCommand (2ms) [Parameters=[], CommandType='"Text"', CommandTimeout='30']
SELECT EXISTS (
    SELECT 1
    FROM "Organizations" AS o
    WHERE NOT (o."IsDeleted"))
2026-07-07 13:12:49.277 +06:00 [INF] [] Database already seeded — skipping.
2026-07-07 13:12:49.446 +06:00 [ERR] [] Hosting failed to start
System.IO.IOException: Failed to bind to address http://127.0.0.1:5210: address already in use.
 ---> Microsoft.AspNetCore.Connections.AddressInUseException: Only one usage of each socket address (protocol/network address/port) is normally permitted.
 ---> System.Net.Sockets.SocketException (10048): Only one usage of each socket address (protocol/network address/port) is normally permitted.
   at System.Net.Sockets.Socket.UpdateStatusAfterSocketErrorAndThrowException(SocketError error, Boolean disconnectOnFailure, String callerName)
   at System.Net.Sockets.Socket.DoBind(EndPoint endPointSnapshot, SocketAddress socketAddress)
   at System.Net.Sockets.Socket.Bind(EndPoint localEP)
   at Microsoft.AspNetCore.Server.Kestrel.Transport.Sockets.SocketTransportOptions.CreateDefaultBoundListenSocket(EndPoint endpoint)
   at Microsoft.AspNetCore.Server.Kestrel.Transport.Sockets.SocketConnectionListener.Bind()
   --- End of inner exception stack trace ---
   at Microsoft.AspNetCore.Server.Kestrel.Transport.Sockets.SocketConnectionListener.Bind()
   at Microsoft.AspNetCore.Server.Kestrel.Transport.Sockets.SocketTransportFactory.BindAsync(EndPoint endpoint, CancellationToken cancellationToken)
   at Microsoft.AspNetCore.Server.Kestrel.Core.Internal.Infrastructure.TransportManager.BindAsync(EndPoint endPoint, ConnectionDelegate connectionDelegate, EndpointConfig endpointConfig, CancellationToken cancellationToken)
   at Microsoft.AspNetCore.Server.Kestrel.Core.KestrelServerImpl.<>c__DisplayClass28_0`1.<<StartAsync>g__OnBind|0>d.MoveNext()
--- End of stack trace from previous location ---
   at Microsoft.AspNetCore.Server.Kestrel.Core.Internal.AddressBinder.BindEndpointAsync(ListenOptions endpoint, AddressBindContext context, CancellationToken cancellationToken)
   --- End of inner exception stack trace ---
   at Microsoft.AspNetCore.Server.Kestrel.Core.Internal.AddressBinder.BindEndpointAsync(ListenOptions endpoint, AddressBindContext context, CancellationToken cancellationToken)
   at Microsoft.AspNetCore.Server.Kestrel.Core.LocalhostListenOptions.BindAsync(AddressBindContext context, CancellationToken cancellationToken)
   at Microsoft.AspNetCore.Server.Kestrel.Core.Internal.AddressBinder.AddressesStrategy.BindAsync(AddressBindContext context, CancellationToken cancellationToken)
   at Microsoft.AspNetCore.Server.Kestrel.Core.KestrelServerImpl.BindAsync(CancellationToken cancellationToken)
   at Microsoft.AspNetCore.Server.Kestrel.Core.KestrelServerImpl.StartAsync[TContext](IHttpApplication`1 application, CancellationToken cancellationToken)
   at Microsoft.AspNetCore.Hosting.GenericWebHostService.StartAsync(CancellationToken cancellationToken)
   at Microsoft.Extensions.Hosting.Internal.Host.<StartAsync>b__14_1(IHostedService service, CancellationToken token)
   at Microsoft.Extensions.Hosting.Internal.Host.ForeachService[T](IEnumerable`1 services, CancellationToken token, Boolean concurrent, Boolean abortOnFirstException, List`1 exceptions, Func`3 operation)
2026-07-07 13:12:49.456 +06:00 [FTL] [] WorkSphere API failed to start
System.IO.IOException: Failed to bind to address http://127.0.0.1:5210: address already in use.
 ---> Microsoft.AspNetCore.Connections.AddressInUseException: Only one usage of each socket address (protocol/network address/port) is normally permitted.
 ---> System.Net.Sockets.SocketException (10048): Only one usage of each socket address (protocol/network address/port) is normally permitted.
   at System.Net.Sockets.Socket.UpdateStatusAfterSocketErrorAndThrowException(SocketError error, Boolean disconnectOnFailure, String callerName)
   at System.Net.Sockets.Socket.DoBind(EndPoint endPointSnapshot, SocketAddress socketAddress)
   at System.Net.Sockets.Socket.Bind(EndPoint localEP)
   at Microsoft.AspNetCore.Server.Kestrel.Transport.Sockets.SocketTransportOptions.CreateDefaultBoundListenSocket(EndPoint endpoint)
   at Microsoft.AspNetCore.Server.Kestrel.Transport.Sockets.SocketConnectionListener.Bind()
   --- End of inner exception stack trace ---
   at Microsoft.AspNetCore.Server.Kestrel.Transport.Sockets.SocketConnectionListener.Bind()
   at Microsoft.AspNetCore.Server.Kestrel.Transport.Sockets.SocketTransportFactory.BindAsync(EndPoint endpoint, CancellationToken cancellationToken)
   at Microsoft.AspNetCore.Server.Kestrel.Core.Internal.Infrastructure.TransportManager.BindAsync(EndPoint endPoint, ConnectionDelegate connectionDelegate, EndpointConfig endpointConfig, CancellationToken cancellationToken)
   at Microsoft.AspNetCore.Server.Kestrel.Core.KestrelServerImpl.<>c__DisplayClass28_0`1.<<StartAsync>g__OnBind|0>d.MoveNext()
--- End of stack trace from previous location ---
   at Microsoft.AspNetCore.Server.Kestrel.Core.Internal.AddressBinder.BindEndpointAsync(ListenOptions endpoint, AddressBindContext context, CancellationToken cancellationToken)
   --- End of inner exception stack trace ---
   at Microsoft.AspNetCore.Server.Kestrel.Core.Internal.AddressBinder.BindEndpointAsync(ListenOptions endpoint, AddressBindContext context, CancellationToken cancellationToken)
   at Microsoft.AspNetCore.Server.Kestrel.Core.LocalhostListenOptions.BindAsync(AddressBindContext context, CancellationToken cancellationToken)
   at Microsoft.AspNetCore.Server.Kestrel.Core.Internal.AddressBinder.AddressesStrategy.BindAsync(AddressBindContext context, CancellationToken cancellationToken)
   at Microsoft.AspNetCore.Server.Kestrel.Core.KestrelServerImpl.BindAsync(CancellationToken cancellationToken)
   at Microsoft.AspNetCore.Server.Kestrel.Core.KestrelServerImpl.StartAsync[TContext](IHttpApplication`1 application, CancellationToken cancellationToken)
   at Microsoft.AspNetCore.Hosting.GenericWebHostService.StartAsync(CancellationToken cancellationToken)
   at Microsoft.Extensions.Hosting.Internal.Host.<StartAsync>b__14_1(IHostedService service, CancellationToken token)
   at Microsoft.Extensions.Hosting.Internal.Host.ForeachService[T](IEnumerable`1 services, CancellationToken token, Boolean concurrent, Boolean abortOnFirstException, List`1 exceptions, Func`3 operation)
   at Microsoft.Extensions.Hosting.Internal.Host.StartAsync(CancellationToken cancellationToken)
   at Microsoft.Extensions.Hosting.HostingAbstractionsHostExtensions.RunAsync(IHost host, CancellationToken token)
   at Microsoft.Extensions.Hosting.HostingAbstractionsHostExtensions.RunAsync(IHost host, CancellationToken token)
   at Microsoft.Extensions.Hosting.HostingAbstractionsHostExtensions.Run(IHost host)
   at Program.<Main>$(String[] args) in C:\Users\Abdul\Documents\GitHub\WorkSphere\WorkHub.API\Program.cs:line 369
2026-07-07 13:13:12.010 +06:00 [WRN] [] Entity 'Organization' has a global query filter defined and is the required end of a relationship with the entity 'ActivityLog'. This may lead to unexpected results when the required entity is filtered out. Either configure the navigation as optional, or define matching query filters for both entities in the navigation. See https://go.microsoft.com/fwlink/?linkid=2131316 for more information.
2026-07-07 13:13:12.029 +06:00 [WRN] [] Entity 'User' has a global query filter defined and is the required end of a relationship with the entity 'TaskAssignee'. This may lead to unexpected results when the required entity is filtered out. Either configure the navigation as optional, or define matching query filters for both entities in the navigation. See https://go.microsoft.com/fwlink/?linkid=2131316 for more information.
2026-07-07 13:13:12.034 +06:00 [WRN] [] Sensitive data logging is enabled. Log entries and exception messages may include sensitive application data; this mode should only be enabled during development.
2026-07-07 13:13:12.287 +06:00 [INF] [] Executed DbCommand (14ms) [Parameters=[], CommandType='"Text"', CommandTimeout='30']
SELECT "MigrationId", "ProductVersion"
FROM "__EFMigrationsHistory"
ORDER BY "MigrationId";
2026-07-07 13:13:12.515 +06:00 [INF] [] Executed DbCommand (6ms) [Parameters=[], CommandType='"Text"', CommandTimeout='30']
CREATE TABLE IF NOT EXISTS "__EFMigrationsHistory" (
    "MigrationId" character varying(150) NOT NULL,
    "ProductVersion" character varying(32) NOT NULL,
    CONSTRAINT "PK___EFMigrationsHistory" PRIMARY KEY ("MigrationId")
);
2026-07-07 13:13:12.530 +06:00 [INF] [] Executed DbCommand (1ms) [Parameters=[], CommandType='"Text"', CommandTimeout='30']
LOCK TABLE "__EFMigrationsHistory" IN ACCESS EXCLUSIVE MODE
2026-07-07 13:13:12.531 +06:00 [INF] [] Executed DbCommand (1ms) [Parameters=[], CommandType='"Text"', CommandTimeout='30']
SELECT "MigrationId", "ProductVersion"
FROM "__EFMigrationsHistory"
ORDER BY "MigrationId";
2026-07-07 13:13:12.548 +06:00 [INF] [] Starting database seeding...
2026-07-07 13:13:12.706 +06:00 [INF] [] Executed DbCommand (2ms) [Parameters=[], CommandType='"Text"', CommandTimeout='30']
SELECT EXISTS (
    SELECT 1
    FROM "Organizations" AS o
    WHERE NOT (o."IsDeleted"))
2026-07-07 13:13:12.719 +06:00 [INF] [] Database already seeded — skipping.
2026-07-07 13:13:12.834 +06:00 [INF] [] Now listening on: http://localhost:5210
2026-07-07 13:13:12.834 +06:00 [INF] [] Application started. Press Ctrl+C to shut down.
2026-07-07 13:13:12.834 +06:00 [INF] [] Hosting environment: Development
2026-07-07 13:13:12.834 +06:00 [INF] [] Content root path: C:\Users\Abdul\Documents\GitHub\WorkSphere\WorkHub.API
2026-07-07 13:13:42.316 +06:00 [WRN] [] Entity 'Organization' has a global query filter defined and is the required end of a relationship with the entity 'ActivityLog'. This may lead to unexpected results when the required entity is filtered out. Either configure the navigation as optional, or define matching query filters for both entities in the navigation. See https://go.microsoft.com/fwlink/?linkid=2131316 for more information.
2026-07-07 13:13:42.340 +06:00 [WRN] [] Entity 'User' has a global query filter defined and is the required end of a relationship with the entity 'TaskAssignee'. This may lead to unexpected results when the required entity is filtered out. Either configure the navigation as optional, or define matching query filters for both entities in the navigation. See https://go.microsoft.com/fwlink/?linkid=2131316 for more information.
2026-07-07 13:13:42.347 +06:00 [WRN] [] Sensitive data logging is enabled. Log entries and exception messages may include sensitive application data; this mode should only be enabled during development.
2026-07-07 13:13:42.611 +06:00 [INF] [] Executed DbCommand (14ms) [Parameters=[], CommandType='"Text"', CommandTimeout='30']
SELECT "MigrationId", "ProductVersion"
FROM "__EFMigrationsHistory"
ORDER BY "MigrationId";
2026-07-07 13:13:42.836 +06:00 [INF] [] Executed DbCommand (5ms) [Parameters=[], CommandType='"Text"', CommandTimeout='30']
CREATE TABLE IF NOT EXISTS "__EFMigrationsHistory" (
    "MigrationId" character varying(150) NOT NULL,
    "ProductVersion" character varying(32) NOT NULL,
    CONSTRAINT "PK___EFMigrationsHistory" PRIMARY KEY ("MigrationId")
);
2026-07-07 13:13:42.885 +06:00 [INF] [] Executed DbCommand (38ms) [Parameters=[], CommandType='"Text"', CommandTimeout='30']
LOCK TABLE "__EFMigrationsHistory" IN ACCESS EXCLUSIVE MODE
2026-07-07 13:13:42.887 +06:00 [INF] [] Executed DbCommand (1ms) [Parameters=[], CommandType='"Text"', CommandTimeout='30']
SELECT "MigrationId", "ProductVersion"
FROM "__EFMigrationsHistory"
ORDER BY "MigrationId";
2026-07-07 13:13:42.897 +06:00 [INF] [] Starting database seeding...
2026-07-07 13:13:43.039 +06:00 [INF] [] Executed DbCommand (2ms) [Parameters=[], CommandType='"Text"', CommandTimeout='30']
SELECT EXISTS (
    SELECT 1
    FROM "Organizations" AS o
    WHERE NOT (o."IsDeleted"))
2026-07-07 13:13:43.048 +06:00 [INF] [] Database already seeded — skipping.
2026-07-07 13:13:43.151 +06:00 [INF] [] Now listening on: http://localhost:5210
2026-07-07 13:13:43.151 +06:00 [INF] [] Application started. Press Ctrl+C to shut down.
2026-07-07 13:13:43.152 +06:00 [INF] [] Hosting environment: Development
2026-07-07 13:13:43.152 +06:00 [INF] [] Content root path: C:\Users\Abdul\Documents\GitHub\WorkSphere\WorkHub.API
2026-07-07 13:14:42.537 +06:00 [WRN] [0HNMRUTL91A2S:00000001] Failed to determine the https port for redirect.
2026-07-07 13:14:42.671 +06:00 [DBG] [0HNMRUTL91A2S:00000001] [0HNMRUTL91A2S:00000001] GET /health → 200 (151.2ms)
2026-07-07 13:14:57.194 +06:00 [INF] [0HNMRUTL91A2T:00000001] [0HNMRUTL91A2T:00000001] GET /swagger/index.html → 200 (120.2ms)
2026-07-07 13:14:57.215 +06:00 [INF] [0HNMRUTL91A2T:00000002] [0HNMRUTL91A2T:00000002] GET /swagger/index.js → 200 (3.9ms)
2026-07-07 13:14:57.759 +06:00 [INF] [0HNMRUTL91A2T:00000003] [0HNMRUTL91A2T:00000003] GET /swagger/v1/swagger.json → 200 (373.6ms)
2026-07-07 13:15:16.326 +06:00 [INF] [0HNMRUTL91A2S:00000002] Executed DbCommand (16ms) [Parameters=[@__email_0='demo.owner@worksphere.io'], CommandType='"Text"', CommandTimeout='30']
SELECT u."Id", u."CreatedAt", u."DeletedAt", u."Email", u."EmailVerificationExpiry", u."EmailVerificationToken", u."FirstName", u."IsActive", u."IsDeleted", u."IsEmailVerified", u."LastLoginAt", u."LastName", u."OrganizationId", u."PasswordHash", u."PasswordResetExpiry", u."PasswordResetToken", u."ProfilePictureUrl", u."RefreshToken", u."RefreshTokenExpiry", u."Role", u."UpdatedAt", o0."Id", o0."CreatedAt", o0."DeletedAt", o0."Description", o0."IsActive", o0."IsDeleted", o0."LogoUrl", o0."Name", o0."Plan", o0."Slug", o0."UpdatedAt"
FROM "Users" AS u
INNER JOIN (
    SELECT o."Id", o."CreatedAt", o."DeletedAt", o."Description", o."IsActive", o."IsDeleted", o."LogoUrl", o."Name", o."Plan", o."Slug", o."UpdatedAt"
    FROM "Organizations" AS o
    WHERE NOT (o."IsDeleted")
) AS o0 ON u."OrganizationId" = o0."Id"
WHERE NOT (u."IsDeleted") AND u."Email" = @__email_0
LIMIT 1
2026-07-07 13:15:16.750 +06:00 [INF] [0HNMRUTL91A2S:00000002] Rehashing password for "00000000-0000-0000-0002-000000000001"
2026-07-07 13:15:17.565 +06:00 [DBG] [0HNMRUTL91A2S:00000002] Password hashed successfully with work factor 12
2026-07-07 13:15:17.602 +06:00 [DBG] [0HNMRUTL91A2S:00000002] JWT access token generated for user "00000000-0000-0000-0002-000000000001" — expires "2026-07-07T07:30:17.5685184Z"
2026-07-07 13:15:17.603 +06:00 [DBG] [0HNMRUTL91A2S:00000002] Refresh token generated — expires "2026-07-14T07:15:17.6032905Z"
2026-07-07 13:15:17.726 +06:00 [INF] [0HNMRUTL91A2S:00000002] Executed DbCommand (9ms) [Parameters=[@p5='00000000-0000-0000-0002-000000000001', @p0='2026-07-07T07:15:17.6037337Z' (Nullable = true) (DbType = DateTime), @p1='$2a$12$3yCzuHg0fCW4bvM7MLlE9uNDVnUtdmXVNoPI2ZJ6zqsIhFC7gNAJK' (Nullable = false), @p2='iEGF1ScjN097l8ZruBz7aiaLI+ewWIFll3WiDM9LjQbHdrZ7lbNPcGtZ0p7+1/8m6LJ0tPvX+EK2s4fhA6pmrA==', @p3='2026-07-14T07:15:17.6036256Z' (Nullable = true) (DbType = DateTime), @p4='2026-07-07T07:15:17.6599034Z' (DbType = DateTime)], CommandType='"Text"', CommandTimeout='30']
UPDATE "Users" SET "LastLoginAt" = @p0, "PasswordHash" = @p1, "RefreshToken" = @p2, "RefreshTokenExpiry" = @p3, "UpdatedAt" = @p4
WHERE "Id" = @p5;
2026-07-07 13:15:17.744 +06:00 [INF] [0HNMRUTL91A2S:00000002] User "00000000-0000-0000-0002-000000000001" logged in from org "00000000-0000-0000-0001-000000000001"
2026-07-07 13:15:17.772 +06:00 [INF] [0HNMRUTL91A2S:00000002] [0HNMRUTL91A2S:00000002] POST /api/auth/login → 200 (1897.9ms)
2026-07-07 13:21:19.496 +06:00 [INF] [] Application is shutting down...
2026-07-07 13:21:24.859 +06:00 [WRN] [] Entity 'Organization' has a global query filter defined and is the required end of a relationship with the entity 'ActivityLog'. This may lead to unexpected results when the required entity is filtered out. Either configure the navigation as optional, or define matching query filters for both entities in the navigation. See https://go.microsoft.com/fwlink/?linkid=2131316 for more information.
2026-07-07 13:21:24.876 +06:00 [WRN] [] Entity 'User' has a global query filter defined and is the required end of a relationship with the entity 'TaskAssignee'. This may lead to unexpected results when the required entity is filtered out. Either configure the navigation as optional, or define matching query filters for both entities in the navigation. See https://go.microsoft.com/fwlink/?linkid=2131316 for more information.
2026-07-07 13:21:24.881 +06:00 [WRN] [] Sensitive data logging is enabled. Log entries and exception messages may include sensitive application data; this mode should only be enabled during development.
2026-07-07 13:21:25.113 +06:00 [INF] [] Executed DbCommand (15ms) [Parameters=[], CommandType='"Text"', CommandTimeout='30']
SELECT "MigrationId", "ProductVersion"
FROM "__EFMigrationsHistory"
ORDER BY "MigrationId";
2026-07-07 13:21:25.320 +06:00 [INF] [] Executed DbCommand (5ms) [Parameters=[], CommandType='"Text"', CommandTimeout='30']
CREATE TABLE IF NOT EXISTS "__EFMigrationsHistory" (
    "MigrationId" character varying(150) NOT NULL,
    "ProductVersion" character varying(32) NOT NULL,
    CONSTRAINT "PK___EFMigrationsHistory" PRIMARY KEY ("MigrationId")
);
2026-07-07 13:21:25.332 +06:00 [INF] [] Executed DbCommand (1ms) [Parameters=[], CommandType='"Text"', CommandTimeout='30']
LOCK TABLE "__EFMigrationsHistory" IN ACCESS EXCLUSIVE MODE
2026-07-07 13:21:25.335 +06:00 [INF] [] Executed DbCommand (1ms) [Parameters=[], CommandType='"Text"', CommandTimeout='30']
SELECT "MigrationId", "ProductVersion"
FROM "__EFMigrationsHistory"
ORDER BY "MigrationId";
2026-07-07 13:21:25.346 +06:00 [INF] [] Starting database seeding...
2026-07-07 13:21:25.491 +06:00 [INF] [] Executed DbCommand (3ms) [Parameters=[], CommandType='"Text"', CommandTimeout='30']
SELECT EXISTS (
    SELECT 1
    FROM "Organizations" AS o
    WHERE NOT (o."IsDeleted"))
2026-07-07 13:21:25.500 +06:00 [INF] [] Database already seeded — skipping.
2026-07-07 13:21:25.603 +06:00 [INF] [] Now listening on: http://localhost:5210
2026-07-07 13:21:25.603 +06:00 [INF] [] Application started. Press Ctrl+C to shut down.
2026-07-07 13:21:25.603 +06:00 [INF] [] Hosting environment: Development
2026-07-07 13:21:25.603 +06:00 [INF] [] Content root path: C:\Users\Abdul\Documents\GitHub\WorkSphere\WorkHub.API
2026-07-07 13:21:34.573 +06:00 [INF] [0HNMRV1G1GAA0:00000001] [0HNMRV1G1GAA0:00000001] GET /swagger/index.html → 200 (126.7ms)
2026-07-07 13:21:34.584 +06:00 [INF] [0HNMRV1G1GAA4:00000001] [0HNMRV1G1GAA4:00000001] GET /swagger/index.js → 200 (1.9ms)
2026-07-07 13:21:34.595 +06:00 [INF] [0HNMRV1G1GAA0:00000002] [0HNMRV1G1GAA0:00000002] GET /swagger/index.css → 200 (13.4ms)
2026-07-07 13:21:34.608 +06:00 [INF] [0HNMRV1G1GAA1:00000001] [0HNMRV1G1GAA1:00000001] GET /swagger/swagger-ui.css → 200 (26.2ms)
2026-07-07 13:21:34.608 +06:00 [INF] [0HNMRV1G1GAA3:00000001] [0HNMRV1G1GAA3:00000001] GET /swagger/swagger-ui-standalone-preset.js → 200 (26.2ms)
2026-07-07 13:21:34.617 +06:00 [INF] [0HNMRV1G1GAA2:00000001] [0HNMRV1G1GAA2:00000001] GET /swagger/swagger-ui-bundle.js → 200 (35.2ms)
2026-07-07 13:21:34.749 +06:00 [INF] [0HNMRV1G1GAA3:00000002] [0HNMRV1G1GAA3:00000002] GET /swagger/favicon-32x32.png → 200 (0.4ms)
2026-07-07 13:21:34.980 +06:00 [INF] [0HNMRV1G1GAA2:00000002] [0HNMRV1G1GAA2:00000002] GET /swagger/v1/swagger.json → 200 (239.1ms)
2026-07-07 13:21:46.143 +06:00 [WRN] [0HNMRV1G1GAA7:00000001] Failed to determine the https port for redirect.
2026-07-07 13:21:46.399 +06:00 [INF] [0HNMRV1G1GAA7:00000001] Executed DbCommand (8ms) [Parameters=[@__email_0='demo.owner@worksphere.io'], CommandType='"Text"', CommandTimeout='30']
SELECT u."Id", u."CreatedAt", u."DeletedAt", u."Email", u."EmailVerificationExpiry", u."EmailVerificationToken", u."FirstName", u."IsActive", u."IsDeleted", u."IsEmailVerified", u."LastLoginAt", u."LastName", u."OrganizationId", u."PasswordHash", u."PasswordResetExpiry", u."PasswordResetToken", u."ProfilePictureUrl", u."RefreshToken", u."RefreshTokenExpiry", u."Role", u."UpdatedAt", o0."Id", o0."CreatedAt", o0."DeletedAt", o0."Description", o0."IsActive", o0."IsDeleted", o0."LogoUrl", o0."Name", o0."Plan", o0."Slug", o0."UpdatedAt"
FROM "Users" AS u
INNER JOIN (
    SELECT o."Id", o."CreatedAt", o."DeletedAt", o."Description", o."IsActive", o."IsDeleted", o."LogoUrl", o."Name", o."Plan", o."Slug", o."UpdatedAt"
    FROM "Organizations" AS o
    WHERE NOT (o."IsDeleted")
) AS o0 ON u."OrganizationId" = o0."Id"
WHERE NOT (u."IsDeleted") AND u."Email" = @__email_0
LIMIT 1
2026-07-07 13:21:47.126 +06:00 [DBG] [0HNMRV1G1GAA7:00000001] JWT access token generated for user "00000000-0000-0000-0002-000000000001" — expires "2026-07-07T07:36:47.1088334Z"
2026-07-07 13:21:47.127 +06:00 [DBG] [0HNMRV1G1GAA7:00000001] Refresh token generated — expires "2026-07-14T07:21:47.1275364Z"
2026-07-07 13:21:47.199 +06:00 [INF] [0HNMRV1G1GAA7:00000001] Executed DbCommand (4ms) [Parameters=[@p4='00000000-0000-0000-0002-000000000001', @p0='2026-07-07T07:21:47.1279655Z' (Nullable = true) (DbType = DateTime), @p1='x9bfKwy9YVs5z87vzX2TPmmoceqG8zjbADTGn3/ue18sZS0B46Q1lDgaVHyKZfG5z0dWXvgd8ZdXEPYd6QDhsg==', @p2='2026-07-14T07:21:47.1278868Z' (Nullable = true) (DbType = DateTime), @p3='2026-07-07T07:21:47.1621530Z' (DbType = DateTime)], CommandType='"Text"', CommandTimeout='30']
UPDATE "Users" SET "LastLoginAt" = @p0, "RefreshToken" = @p1, "RefreshTokenExpiry" = @p2, "UpdatedAt" = @p3
WHERE "Id" = @p4;
2026-07-07 13:21:47.208 +06:00 [INF] [0HNMRV1G1GAA7:00000001] User "00000000-0000-0000-0002-000000000001" logged in from org "00000000-0000-0000-0001-000000000001"
2026-07-07 13:21:47.232 +06:00 [INF] [0HNMRV1G1GAA7:00000001] [0HNMRV1G1GAA7:00000001] POST /api/auth/login → 200 (1089.4ms)
2026-07-07 13:21:54.565 +06:00 [INF] [0HNMRV1G1GAA7:00000002] Executed DbCommand (1ms) [Parameters=[@___currentUser_UserId_0='00000000-0000-0000-0002-000000000001'], CommandType='"Text"', CommandTimeout='30']
SELECT u."Id", u."CreatedAt", u."DeletedAt", u."Email", u."EmailVerificationExpiry", u."EmailVerificationToken", u."FirstName", u."IsActive", u."IsDeleted", u."IsEmailVerified", u."LastLoginAt", u."LastName", u."OrganizationId", u."PasswordHash", u."PasswordResetExpiry", u."PasswordResetToken", u."ProfilePictureUrl", u."RefreshToken", u."RefreshTokenExpiry", u."Role", u."UpdatedAt", o0."Id", o0."CreatedAt", o0."DeletedAt", o0."Description", o0."IsActive", o0."IsDeleted", o0."LogoUrl", o0."Name", o0."Plan", o0."Slug", o0."UpdatedAt"
FROM "Users" AS u
INNER JOIN (
    SELECT o."Id", o."CreatedAt", o."DeletedAt", o."Description", o."IsActive", o."IsDeleted", o."LogoUrl", o."Name", o."Plan", o."Slug", o."UpdatedAt"
    FROM "Organizations" AS o
    WHERE NOT (o."IsDeleted")
) AS o0 ON u."OrganizationId" = o0."Id"
WHERE NOT (u."IsDeleted") AND u."Id" = @___currentUser_UserId_0
LIMIT 1
2026-07-07 13:21:54.578 +06:00 [INF] [0HNMRV1G1GAA7:00000002] [0HNMRV1G1GAA7:00000002] GET /api/users/me/permissions → 200 (146.5ms)
2026-07-07 13:22:04.334 +06:00 [WRN] [0HNMRV1G1GAA7:00000003] [0HNMRV1G1GAA7:00000003] GET /api/users/me/permissions → 401 (45.5ms)
2026-07-07 13:22:15.073 +06:00 [DBG] [0HNMRV1G1GAA7:00000004] Permission granted: Owner → members.view
2026-07-07 13:22:15.080 +06:00 [INF] [0HNMRV1G1GAA7:00000004] Executed DbCommand (1ms) [Parameters=[@___currentUser_UserId_0='00000000-0000-0000-0002-000000000001'], CommandType='"Text"', CommandTimeout='30']
SELECT u."Id", u."CreatedAt", u."DeletedAt", u."Email", u."EmailVerificationExpiry", u."EmailVerificationToken", u."FirstName", u."IsActive", u."IsDeleted", u."IsEmailVerified", u."LastLoginAt", u."LastName", u."OrganizationId", u."PasswordHash", u."PasswordResetExpiry", u."PasswordResetToken", u."ProfilePictureUrl", u."RefreshToken", u."RefreshTokenExpiry", u."Role", u."UpdatedAt", o0."Id", o0."CreatedAt", o0."DeletedAt", o0."Description", o0."IsActive", o0."IsDeleted", o0."LogoUrl", o0."Name", o0."Plan", o0."Slug", o0."UpdatedAt"
FROM "Users" AS u
INNER JOIN (
    SELECT o."Id", o."CreatedAt", o."DeletedAt", o."Description", o."IsActive", o."IsDeleted", o."LogoUrl", o."Name", o."Plan", o."Slug", o."UpdatedAt"
    FROM "Organizations" AS o
    WHERE NOT (o."IsDeleted")
) AS o0 ON u."OrganizationId" = o0."Id"
WHERE NOT (u."IsDeleted") AND u."Id" = @___currentUser_UserId_0
LIMIT 1
2026-07-07 13:22:15.118 +06:00 [INF] [0HNMRV1G1GAA7:00000004] Executed DbCommand (6ms) [Parameters=[@___currentUser_OrganizationId_0='00000000-0000-0000-0001-000000000001'], CommandType='"Text"', CommandTimeout='30']
SELECT count(*)::int
FROM "Users" AS u
WHERE NOT (u."IsDeleted") AND u."OrganizationId" = @___currentUser_OrganizationId_0
2026-07-07 13:22:15.137 +06:00 [INF] [0HNMRV1G1GAA7:00000004] Executed DbCommand (1ms) [Parameters=[@___currentUser_OrganizationId_0='00000000-0000-0000-0001-000000000001', @__p_2='20', @__p_1='0'], CommandType='"Text"', CommandTimeout='30']
SELECT u."Id", u."CreatedAt", u."DeletedAt", u."Email", u."EmailVerificationExpiry", u."EmailVerificationToken", u."FirstName", u."IsActive", u."IsDeleted", u."IsEmailVerified", u."LastLoginAt", u."LastName", u."OrganizationId", u."PasswordHash", u."PasswordResetExpiry", u."PasswordResetToken", u."ProfilePictureUrl", u."RefreshToken", u."RefreshTokenExpiry", u."Role", u."UpdatedAt"
FROM "Users" AS u
WHERE NOT (u."IsDeleted") AND u."OrganizationId" = @___currentUser_OrganizationId_0
ORDER BY u."FirstName", u."LastName"
LIMIT @__p_2 OFFSET @__p_1
2026-07-07 13:22:15.141 +06:00 [INF] [0HNMRV1G1GAA7:00000004] Members listed for org "00000000-0000-0000-0001-000000000001" — page 1, 4 results
2026-07-07 13:22:15.149 +06:00 [INF] [0HNMRV1G1GAA7:00000004] [0HNMRV1G1GAA7:00000004] GET /api/organizations/me/members → 200 (104.7ms)
