2026-07-05 09:41:59.991 +06:00 [WRN] [] Entity 'Organization' has a global query filter defined and is the required end of a relationship with the entity 'ActivityLog'. This may lead to unexpected results when the required entity is filtered out. Either configure the navigation as optional, or define matching query filters for both entities in the navigation. See https://go.microsoft.com/fwlink/?linkid=2131316 for more information.
2026-07-05 09:42:00.012 +06:00 [WRN] [] Entity 'User' has a global query filter defined and is the required end of a relationship with the entity 'TaskAssignee'. This may lead to unexpected results when the required entity is filtered out. Either configure the navigation as optional, or define matching query filters for both entities in the navigation. See https://go.microsoft.com/fwlink/?linkid=2131316 for more information.
2026-07-05 09:42:00.018 +06:00 [WRN] [] Sensitive data logging is enabled. Log entries and exception messages may include sensitive application data; this mode should only be enabled during development.
2026-07-05 09:42:00.447 +06:00 [INF] [] Executed DbCommand (17ms) [Parameters=[], CommandType='"Text"', CommandTimeout='30']
SELECT "MigrationId", "ProductVersion"
FROM "__EFMigrationsHistory"
ORDER BY "MigrationId";
2026-07-05 09:42:00.728 +06:00 [INF] [] Executed DbCommand (9ms) [Parameters=[], CommandType='"Text"', CommandTimeout='30']
CREATE TABLE IF NOT EXISTS "__EFMigrationsHistory" (
    "MigrationId" character varying(150) NOT NULL,
    "ProductVersion" character varying(32) NOT NULL,
    CONSTRAINT "PK___EFMigrationsHistory" PRIMARY KEY ("MigrationId")
);
2026-07-05 09:42:00.742 +06:00 [INF] [] Executed DbCommand (2ms) [Parameters=[], CommandType='"Text"', CommandTimeout='30']
LOCK TABLE "__EFMigrationsHistory" IN ACCESS EXCLUSIVE MODE
2026-07-05 09:42:00.747 +06:00 [INF] [] Executed DbCommand (2ms) [Parameters=[], CommandType='"Text"', CommandTimeout='30']
SELECT "MigrationId", "ProductVersion"
FROM "__EFMigrationsHistory"
ORDER BY "MigrationId";
2026-07-05 09:42:00.767 +06:00 [INF] [] Starting database seeding...
2026-07-05 09:42:00.967 +06:00 [INF] [] Executed DbCommand (6ms) [Parameters=[], CommandType='"Text"', CommandTimeout='30']
SELECT EXISTS (
    SELECT 1
    FROM "Organizations" AS o
    WHERE NOT (o."IsDeleted"))
2026-07-05 09:42:00.979 +06:00 [INF] [] Database already seeded — skipping.
2026-07-05 09:45:26.075 +06:00 [WRN] [0HNMQ8VCNH7VJ:00000001] Failed to determine the https port for redirect.
2026-07-05 09:45:26.792 +06:00 [INF] [0HNMQ8VCNH7VJ:00000001] Executed DbCommand (26ms) [Parameters=[@__email_0='demo.owner@worksphere.io'], CommandType='"Text"', CommandTimeout='30']
SELECT u."Id", u."CreatedAt", u."DeletedAt", u."Email", u."EmailVerificationExpiry", u."EmailVerificationToken", u."FirstName", u."IsActive", u."IsDeleted", u."IsEmailVerified", u."LastLoginAt", u."LastName", u."OrganizationId", u."PasswordHash", u."PasswordResetExpiry", u."PasswordResetToken", u."ProfilePictureUrl", u."RefreshToken", u."RefreshTokenExpiry", u."Role", u."UpdatedAt", o0."Id", o0."CreatedAt", o0."DeletedAt", o0."Description", o0."IsActive", o0."IsDeleted", o0."LogoUrl", o0."Name", o0."Plan", o0."Slug", o0."UpdatedAt"
FROM "Users" AS u
INNER JOIN (
    SELECT o."Id", o."CreatedAt", o."DeletedAt", o."Description", o."IsActive", o."IsDeleted", o."LogoUrl", o."Name", o."Plan", o."Slug", o."UpdatedAt"
    FROM "Organizations" AS o
    WHERE NOT (o."IsDeleted")
) AS o0 ON u."OrganizationId" = o0."Id"
WHERE NOT (u."IsDeleted") AND u."Email" = @__email_0
LIMIT 1
2026-07-05 09:45:27.618 +06:00 [INF] [0HNMQ8VCNH7VJ:00000001] Rehashing password for "00000000-0000-0000-0002-000000000001"
2026-07-05 09:45:29.296 +06:00 [DBG] [0HNMQ8VCNH7VJ:00000001] Password hashed successfully with work factor 12
2026-07-05 09:45:29.397 +06:00 [DBG] [0HNMQ8VCNH7VJ:00000001] JWT access token generated for user "00000000-0000-0000-0002-000000000001" — expires "2026-07-05T04:00:29.3394876Z"
2026-07-05 09:45:29.400 +06:00 [DBG] [0HNMQ8VCNH7VJ:00000001] Refresh token generated — expires "2026-07-12T03:45:29.3994155Z"
2026-07-05 09:45:29.602 +06:00 [INF] [0HNMQ8VCNH7VJ:00000001] Executed DbCommand (13ms) [Parameters=[@p5='00000000-0000-0000-0002-000000000001', @p0='2026-07-05T03:45:29.4009748Z' (Nullable = true) (DbType = DateTime), @p1='$2a$12$8eJNLyLQoipSC/IlcYhNxOb7z.ATMHeUY6umRTNzgUWEAshK31VB6' (Nullable = false), @p2='iCejy6u2TXzsqklt8qumuTyta7W4bIxGvF7iWRm5O3MDHUFE/OKNxaSmG1TAzccfhWraKa/tzkzJEBOS/HP81w==', @p3='2026-07-12T03:45:29.4007820Z' (Nullable = true) (DbType = DateTime), @p4='2026-07-05T03:45:29.4880541Z' (DbType = DateTime)], CommandType='"Text"', CommandTimeout='30']
UPDATE "Users" SET "LastLoginAt" = @p0, "PasswordHash" = @p1, "RefreshToken" = @p2, "RefreshTokenExpiry" = @p3, "UpdatedAt" = @p4
WHERE "Id" = @p5;
2026-07-05 09:45:29.629 +06:00 [INF] [0HNMQ8VCNH7VJ:00000001] User "00000000-0000-0000-0002-000000000001" logged in from org "00000000-0000-0000-0001-000000000001"
2026-07-05 09:45:29.708 +06:00 [INF] [0HNMQ8VCNH7VJ:00000001] [0HNMQ8VCNH7VJ:00000001] POST /api/auth/login → 200 (3665.2ms)
2026-07-05 09:47:31.214 +06:00 [WRN] [0HNMQ8VCNH7VL:00000001] [0HNMQ8VCNH7VL:00000001] GET /api/users/me → 401 (92.0ms)
2026-07-05 09:48:54.763 +06:00 [WRN] [0HNMQ8VCNH7VN:00000001] [0HNMQ8VCNH7VN:00000001] GET /api/users/me → 401 (8.4ms)
2026-07-05 09:51:59.841 +06:00 [INF] [0HNMQ8VCNH7VP:00000001] Executed DbCommand (7ms) [Parameters=[@___currentUser_UserId_0='00000000-0000-0000-0002-000000000001'], CommandType='"Text"', CommandTimeout='30']
SELECT u."Id", u."CreatedAt", u."DeletedAt", u."Email", u."EmailVerificationExpiry", u."EmailVerificationToken", u."FirstName", u."IsActive", u."IsDeleted", u."IsEmailVerified", u."LastLoginAt", u."LastName", u."OrganizationId", u."PasswordHash", u."PasswordResetExpiry", u."PasswordResetToken", u."ProfilePictureUrl", u."RefreshToken", u."RefreshTokenExpiry", u."Role", u."UpdatedAt", o0."Id", o0."CreatedAt", o0."DeletedAt", o0."Description", o0."IsActive", o0."IsDeleted", o0."LogoUrl", o0."Name", o0."Plan", o0."Slug", o0."UpdatedAt"
FROM "Users" AS u
INNER JOIN (
    SELECT o."Id", o."CreatedAt", o."DeletedAt", o."Description", o."IsActive", o."IsDeleted", o."LogoUrl", o."Name", o."Plan", o."Slug", o."UpdatedAt"
    FROM "Organizations" AS o
    WHERE NOT (o."IsDeleted")
) AS o0 ON u."OrganizationId" = o0."Id"
WHERE NOT (u."IsDeleted") AND u."Id" = @___currentUser_UserId_0
LIMIT 1
2026-07-05 09:51:59.854 +06:00 [INF] [0HNMQ8VCNH7VP:00000001] Profile accessed by user "00000000-0000-0000-0002-000000000001" (Owner)
2026-07-05 09:51:59.865 +06:00 [INF] [0HNMQ8VCNH7VP:00000001] [0HNMQ8VCNH7VP:00000001] GET /api/users/me → 200 (386.8ms)
2026-07-05 09:55:23.180 +06:00 [DBG] [0HNMQ8VCNH7VR:00000001] [0HNMQ8VCNH7VR:00000001] GET /health → 200 (109.7ms)
2026-07-05 09:56:35.038 +06:00 [DBG] [0HNMQ8VCNH7VT:00000001] Permission granted: Owner → projects.create
2026-07-05 09:56:35.049 +06:00 [INF] [0HNMQ8VCNH7VT:00000001] Executed DbCommand (1ms) [Parameters=[@___currentUser_UserId_0='00000000-0000-0000-0002-000000000001'], CommandType='"Text"', CommandTimeout='30']
SELECT u."Id", u."CreatedAt", u."DeletedAt", u."Email", u."EmailVerificationExpiry", u."EmailVerificationToken", u."FirstName", u."IsActive", u."IsDeleted", u."IsEmailVerified", u."LastLoginAt", u."LastName", u."OrganizationId", u."PasswordHash", u."PasswordResetExpiry", u."PasswordResetToken", u."ProfilePictureUrl", u."RefreshToken", u."RefreshTokenExpiry", u."Role", u."UpdatedAt", o0."Id", o0."CreatedAt", o0."DeletedAt", o0."Description", o0."IsActive", o0."IsDeleted", o0."LogoUrl", o0."Name", o0."Plan", o0."Slug", o0."UpdatedAt"
FROM "Users" AS u
INNER JOIN (
    SELECT o."Id", o."CreatedAt", o."DeletedAt", o."Description", o."IsActive", o."IsDeleted", o."LogoUrl", o."Name", o."Plan", o."Slug", o."UpdatedAt"
    FROM "Organizations" AS o
    WHERE NOT (o."IsDeleted")
) AS o0 ON u."OrganizationId" = o0."Id"
WHERE NOT (u."IsDeleted") AND u."Id" = @___currentUser_UserId_0
LIMIT 1
2026-07-05 09:56:35.290 +06:00 [INF] [0HNMQ8VCNH7VT:00000001] Executed DbCommand (10ms) [Parameters=[@p0='690a1a02-0929-41b5-baad-e5843bb94ea7', @p1='2026-07-05T03:56:35.2521999Z' (DbType = DateTime), @p2='00000000-0000-0000-0002-000000000001', @p3=NULL (DbType = DateTime), @p4=NULL, @p5=NULL (DbType = DateTime), @p6='False', @p7='Serilog Test Project' (Nullable = false), @p8='00000000-0000-0000-0001-000000000001', @p9=NULL (DbType = Guid), @p10=NULL (DbType = DateTime), @p11='Active' (Nullable = false), @p12='2026-07-05T03:56:35.2523603Z' (DbType = DateTime)], CommandType='"Text"', CommandTimeout='30']
INSERT INTO "Projects" ("Id", "CreatedAt", "CreatedByUserId", "DeletedAt", "Description", "DueDate", "IsDeleted", "Name", "OrganizationId", "ProjectLeadUserId", "StartDate", "Status", "UpdatedAt")
VALUES (@p0, @p1, @p2, @p3, @p4, @p5, @p6, @p7, @p8, @p9, @p10, @p11, @p12);
2026-07-05 09:56:35.347 +06:00 [INF] [0HNMQ8VCNH7VT:00000001] Executed DbCommand (4ms) [Parameters=[@p0='aace4ea0-2202-4f2d-81df-c0c214239667', @p1='ProjectCreated' (Nullable = false), @p2='2026-07-05T03:56:35.2930778Z' (DbType = DateTime), @p3='690a1a02-0929-41b5-baad-e5843bb94ea7', @p4='Serilog Test Project', @p5='Project' (Nullable = false), @p6=NULL, @p7='00000000-0000-0000-0001-000000000001', @p8=NULL (DbType = Guid), @p9='00000000-0000-0000-0002-000000000001', @p10='Demo Owner' (Nullable = false)], CommandType='"Text"', CommandTimeout='30']
INSERT INTO "ActivityLogs" ("Id", "Action", "CreatedAt", "EntityId", "EntityName", "EntityType", "Metadata", "OrganizationId", "ProjectId", "UserId", "UserName")
VALUES (@p0, @p1, @p2, @p3, @p4, @p5, @p6, @p7, @p8, @p9, @p10);
2026-07-05 09:56:35.517 +06:00 [INF] [0HNMQ8VCNH7VT:00000001] Executed DbCommand (10ms) [Parameters=[@__project_Id_0='690a1a02-0929-41b5-baad-e5843bb94ea7'], CommandType='"Text"', CommandTimeout='30']
SELECT s."Id", s."CreatedAt", s."CreatedByUserId", s."DeletedAt", s."Description", s."DueDate", s."IsDeleted", s."Name", s."OrganizationId", s."ProjectLeadUserId", s."StartDate", s."Status", s."UpdatedAt", s."Id0", s."CreatedAt0", s."DeletedAt0", s."Email", s."EmailVerificationExpiry", s."EmailVerificationToken", s."FirstName", s."IsActive", s."IsDeleted0", s."IsEmailVerified", s."LastLoginAt", s."LastName", s."OrganizationId0", s."PasswordHash", s."PasswordResetExpiry", s."PasswordResetToken", s."ProfilePictureUrl", s."RefreshToken", s."RefreshTokenExpiry", s."Role", s."UpdatedAt0", s."Id1", s."CreatedAt1", s."DeletedAt1", s."Email0", s."EmailVerificationExpiry0", s."EmailVerificationToken0", s."FirstName0", s."IsActive0", s."IsDeleted1", s."IsEmailVerified0", s."LastLoginAt0", s."LastName0", s."OrganizationId1", s."PasswordHash0", s."PasswordResetExpiry0", s."PasswordResetToken0", s."ProfilePictureUrl0", s."RefreshToken0", s."RefreshTokenExpiry0", s."Role0", s."UpdatedAt1", t0."Id", t0."ActualMinutes", t0."AssignedToUserId", t0."CompletedAt", t0."CreatedAt", t0."CreatedByUserId", t0."DeletedAt", t0."Description", t0."DueDate", t0."EstimatedMinutes", t0."IsDeleted", t0."OrderIndex", t0."OrganizationId", t0."ParentTaskId", t0."Priority", t0."ProjectId", t0."StartDate", t0."Status", t0."Title", t0."UpdatedAt"
FROM (
    SELECT p."Id", p."CreatedAt", p."CreatedByUserId", p."DeletedAt", p."Description", p."DueDate", p."IsDeleted", p."Name", p."OrganizationId", p."ProjectLeadUserId", p."StartDate", p."Status", p."UpdatedAt", u0."Id" AS "Id0", u0."CreatedAt" AS "CreatedAt0", u0."DeletedAt" AS "DeletedAt0", u0."Email", u0."EmailVerificationExpiry", u0."EmailVerificationToken", u0."FirstName", u0."IsActive", u0."IsDeleted" AS "IsDeleted0", u0."IsEmailVerified", u0."LastLoginAt", u0."LastName", u0."OrganizationId" AS "OrganizationId0", u0."PasswordHash", u0."PasswordResetExpiry", u0."PasswordResetToken", u0."ProfilePictureUrl", u0."RefreshToken", u0."RefreshTokenExpiry", u0."Role", u0."UpdatedAt" AS "UpdatedAt0", u2."Id" AS "Id1", u2."CreatedAt" AS "CreatedAt1", u2."DeletedAt" AS "DeletedAt1", u2."Email" AS "Email0", u2."EmailVerificationExpiry" AS "EmailVerificationExpiry0", u2."EmailVerificationToken" AS "EmailVerificationToken0", u2."FirstName" AS "FirstName0", u2."IsActive" AS "IsActive0", u2."IsDeleted" AS "IsDeleted1", u2."IsEmailVerified" AS "IsEmailVerified0", u2."LastLoginAt" AS "LastLoginAt0", u2."LastName" AS "LastName0", u2."OrganizationId" AS "OrganizationId1", u2."PasswordHash" AS "PasswordHash0", u2."PasswordResetExpiry" AS "PasswordResetExpiry0", u2."PasswordResetToken" AS "PasswordResetToken0", u2."ProfilePictureUrl" AS "ProfilePictureUrl0", u2."RefreshToken" AS "RefreshToken0", u2."RefreshTokenExpiry" AS "RefreshTokenExpiry0", u2."Role" AS "Role0", u2."UpdatedAt" AS "UpdatedAt1"
    FROM "Projects" AS p
    INNER JOIN (
        SELECT u."Id", u."CreatedAt", u."DeletedAt", u."Email", u."EmailVerificationExpiry", u."EmailVerificationToken", u."FirstName", u."IsActive", u."IsDeleted", u."IsEmailVerified", u."LastLoginAt", u."LastName", u."OrganizationId", u."PasswordHash", u."PasswordResetExpiry", u."PasswordResetToken", u."ProfilePictureUrl", u."RefreshToken", u."RefreshTokenExpiry", u."Role", u."UpdatedAt"
        FROM "Users" AS u
        WHERE NOT (u."IsDeleted")
    ) AS u0 ON p."CreatedByUserId" = u0."Id"
    LEFT JOIN (
        SELECT u1."Id", u1."CreatedAt", u1."DeletedAt", u1."Email", u1."EmailVerificationExpiry", u1."EmailVerificationToken", u1."FirstName", u1."IsActive", u1."IsDeleted", u1."IsEmailVerified", u1."LastLoginAt", u1."LastName", u1."OrganizationId", u1."PasswordHash", u1."PasswordResetExpiry", u1."PasswordResetToken", u1."ProfilePictureUrl", u1."RefreshToken", u1."RefreshTokenExpiry", u1."Role", u1."UpdatedAt"
        FROM "Users" AS u1
        WHERE NOT (u1."IsDeleted")
    ) AS u2 ON p."ProjectLeadUserId" = u2."Id"
    WHERE NOT (p."IsDeleted") AND p."Id" = @__project_Id_0
    LIMIT 1
) AS s
LEFT JOIN (
    SELECT t."Id", t."ActualMinutes", t."AssignedToUserId", t."CompletedAt", t."CreatedAt", t."CreatedByUserId", t."DeletedAt", t."Description", t."DueDate", t."EstimatedMinutes", t."IsDeleted", t."OrderIndex", t."OrganizationId", t."ParentTaskId", t."Priority", t."ProjectId", t."StartDate", t."Status", t."Title", t."UpdatedAt"
    FROM "Tasks" AS t
    WHERE NOT (t."IsDeleted")
) AS t0 ON s."Id" = t0."ProjectId"
ORDER BY s."Id", s."Id0", s."Id1"
2026-07-05 09:56:35.530 +06:00 [INF] [0HNMQ8VCNH7VT:00000001] Project "690a1a02-0929-41b5-baad-e5843bb94ea7" 'Serilog Test Project' created by "00000000-0000-0000-0002-000000000001" in org "00000000-0000-0000-0001-000000000001"
2026-07-05 09:56:35.550 +06:00 [INF] [0HNMQ8VCNH7VT:00000001] [0HNMQ8VCNH7VT:00000001] POST /api/projects → 201 (514.7ms)
2026-07-05 09:57:58.564 +06:00 [WRN] [0HNMQ8VCNH7VV:00000001] [0HNMQ8VCNH7VV:00000001] POST /api/auth/login → 400 (36.4ms)
