2026-07-08 15:40:00.011 +06:00 [WRN] [] Entity 'Organization' has a global query filter defined and is the required end of a relationship with the entity 'ActivityLog'. This may lead to unexpected results when the required entity is filtered out. Either configure the navigation as optional, or define matching query filters for both entities in the navigation. See https://go.microsoft.com/fwlink/?linkid=2131316 for more information.
2026-07-08 15:40:00.033 +06:00 [WRN] [] Entity 'User' has a global query filter defined and is the required end of a relationship with the entity 'TaskAssignee'. This may lead to unexpected results when the required entity is filtered out. Either configure the navigation as optional, or define matching query filters for both entities in the navigation. See https://go.microsoft.com/fwlink/?linkid=2131316 for more information.
2026-07-08 15:40:00.038 +06:00 [WRN] [] Sensitive data logging is enabled. Log entries and exception messages may include sensitive application data; this mode should only be enabled during development.
2026-07-08 15:40:00.536 +06:00 [INF] [] Executed DbCommand (15ms) [Parameters=[], CommandType='"Text"', CommandTimeout='30']
SELECT "MigrationId", "ProductVersion"
FROM "__EFMigrationsHistory"
ORDER BY "MigrationId";
2026-07-08 15:40:00.809 +06:00 [INF] [] Executed DbCommand (9ms) [Parameters=[], CommandType='"Text"', CommandTimeout='30']
CREATE TABLE IF NOT EXISTS "__EFMigrationsHistory" (
    "MigrationId" character varying(150) NOT NULL,
    "ProductVersion" character varying(32) NOT NULL,
    CONSTRAINT "PK___EFMigrationsHistory" PRIMARY KEY ("MigrationId")
);
2026-07-08 15:40:00.824 +06:00 [INF] [] Executed DbCommand (3ms) [Parameters=[], CommandType='"Text"', CommandTimeout='30']
LOCK TABLE "__EFMigrationsHistory" IN ACCESS EXCLUSIVE MODE
2026-07-08 15:40:00.826 +06:00 [INF] [] Executed DbCommand (1ms) [Parameters=[], CommandType='"Text"', CommandTimeout='30']
SELECT "MigrationId", "ProductVersion"
FROM "__EFMigrationsHistory"
ORDER BY "MigrationId";
2026-07-08 15:40:00.840 +06:00 [INF] [] Starting database seeding...
2026-07-08 15:40:01.045 +06:00 [INF] [] Executed DbCommand (5ms) [Parameters=[], CommandType='"Text"', CommandTimeout='30']
SELECT EXISTS (
    SELECT 1
    FROM "Organizations" AS o
    WHERE NOT (o."IsDeleted"))
2026-07-08 15:40:01.055 +06:00 [INF] [] Database already seeded — skipping.
2026-07-08 15:40:01.359 +06:00 [INF] [] Now listening on: http://localhost:5210
2026-07-08 15:40:01.360 +06:00 [INF] [] Application started. Press Ctrl+C to shut down.
2026-07-08 15:40:01.361 +06:00 [INF] [] Hosting environment: Development
2026-07-08 15:40:01.361 +06:00 [INF] [] Content root path: C:\Users\Abdul\Documents\GitHub\WorkSphere\WorkHub.API
2026-07-08 15:42:59.063 +06:00 [WRN] [0HNMSQL5RAU8S:00000001] Failed to determine the https port for redirect.
2026-07-08 15:42:59.196 +06:00 [DBG] [0HNMSQL5RAU8S:00000001] [0HNMSQL5RAU8S:00000001] GET /health → 200 (157.6ms)
2026-07-08 15:42:59.302 +06:00 [DBG] [0HNMSQL5RAU8T:00000001] [0HNMSQL5RAU8T:00000001] GET /health → 200 (103.7ms)
