2026-07-13 10:21:24.258 +06:00 [WRN] [] Entity 'Organization' has a global query filter defined and is the required end of a relationship with the entity 'ActivityLog'. This may lead to unexpected results when the required entity is filtered out. Either configure the navigation as optional, or define matching query filters for both entities in the navigation. See https://go.microsoft.com/fwlink/?linkid=2131316 for more information.
2026-07-13 10:21:24.282 +06:00 [WRN] [] Entity 'User' has a global query filter defined and is the required end of a relationship with the entity 'TaskAssignee'. This may lead to unexpected results when the required entity is filtered out. Either configure the navigation as optional, or define matching query filters for both entities in the navigation. See https://go.microsoft.com/fwlink/?linkid=2131316 for more information.
2026-07-13 10:21:24.287 +06:00 [WRN] [] Sensitive data logging is enabled. Log entries and exception messages may include sensitive application data; this mode should only be enabled during development.
2026-07-13 10:21:24.647 +06:00 [INF] [] Executed DbCommand (17ms) [Parameters=[], CommandType='"Text"', CommandTimeout='30']
SELECT "MigrationId", "ProductVersion"
FROM "__EFMigrationsHistory"
ORDER BY "MigrationId";
2026-07-13 10:21:24.949 +06:00 [INF] [] Executed DbCommand (10ms) [Parameters=[], CommandType='"Text"', CommandTimeout='30']
CREATE TABLE IF NOT EXISTS "__EFMigrationsHistory" (
    "MigrationId" character varying(150) NOT NULL,
    "ProductVersion" character varying(32) NOT NULL,
    CONSTRAINT "PK___EFMigrationsHistory" PRIMARY KEY ("MigrationId")
);
2026-07-13 10:21:24.964 +06:00 [INF] [] Executed DbCommand (2ms) [Parameters=[], CommandType='"Text"', CommandTimeout='30']
LOCK TABLE "__EFMigrationsHistory" IN ACCESS EXCLUSIVE MODE
2026-07-13 10:21:24.965 +06:00 [INF] [] Executed DbCommand (1ms) [Parameters=[], CommandType='"Text"', CommandTimeout='30']
SELECT "MigrationId", "ProductVersion"
FROM "__EFMigrationsHistory"
ORDER BY "MigrationId";
2026-07-13 10:21:24.982 +06:00 [INF] [] Starting database seeding...
2026-07-13 10:21:25.194 +06:00 [INF] [] Executed DbCommand (4ms) [Parameters=[], CommandType='"Text"', CommandTimeout='30']
SELECT EXISTS (
    SELECT 1
    FROM "Organizations" AS o
    WHERE NOT (o."IsDeleted"))
2026-07-13 10:21:25.206 +06:00 [INF] [] Database already seeded — skipping.
2026-07-13 10:21:25.466 +06:00 [INF] [] Now listening on: http://localhost:5210
2026-07-13 10:21:25.472 +06:00 [INF] [] Application started. Press Ctrl+C to shut down.
2026-07-13 10:21:25.472 +06:00 [INF] [] Hosting environment: Development
2026-07-13 10:21:25.472 +06:00 [INF] [] Content root path: C:\Users\Abdul\Documents\GitHub\WorkSphere\WorkHub.API
2026-07-13 10:21:43.719 +06:00 [WRN] [0HNN0IOVCM70Q:00000001] Failed to determine the https port for redirect.
2026-07-13 10:21:43.910 +06:00 [WRN] [0HNN0IOVCM70Q:00000001] [0HNN0IOVCM70Q:00000001] GET /api/auth/context → 401 (207.9ms)
2026-07-13 10:21:44.340 +06:00 [INF] [0HNN0IOVCM70R:00000001] Executed DbCommand (16ms) [Parameters=[@__refreshToken_0='t/8lU13B7U2kL+9dAedPVdXNJAheVyKF0za016uMWv3Hni8G8Pqschs6kOtej0W8ymm/EGtD6nP6Mpm3LNOJIw=='], CommandType='"Text"', CommandTimeout='30']
SELECT u."Id", u."CreatedAt", u."DeletedAt", u."Email", u."EmailVerificationExpiry", u."EmailVerificationToken", u."FirstName", u."IsActive", u."IsDeleted", u."IsEmailVerified", u."LastLoginAt", u."LastName", u."OrganizationId", u."PasswordHash", u."PasswordResetExpiry", u."PasswordResetToken", u."ProfilePictureUrl", u."RefreshToken", u."RefreshTokenExpiry", u."Role", u."UpdatedAt", o0."Id", o0."CreatedAt", o0."DeletedAt", o0."Description", o0."IsActive", o0."IsDeleted", o0."LogoUrl", o0."Name", o0."Plan", o0."Slug", o0."UpdatedAt"
FROM "Users" AS u
INNER JOIN (
    SELECT o."Id", o."CreatedAt", o."DeletedAt", o."Description", o."IsActive", o."IsDeleted", o."LogoUrl", o."Name", o."Plan", o."Slug", o."UpdatedAt"
    FROM "Organizations" AS o
    WHERE NOT (o."IsDeleted")
) AS o0 ON u."OrganizationId" = o0."Id"
WHERE NOT (u."IsDeleted") AND u."RefreshToken" = @__refreshToken_0
LIMIT 1
2026-07-13 10:21:44.548 +06:00 [DBG] [0HNN0IOVCM70R:00000001] JWT access token generated for user "00000000-0000-0000-0002-000000000003" — expires "2026-07-13T04:36:44.5337254Z"
2026-07-13 10:21:44.551 +06:00 [DBG] [0HNN0IOVCM70R:00000001] Refresh token generated — expires "2026-07-20T04:21:44.5507619Z"
2026-07-13 10:21:44.731 +06:00 [INF] [0HNN0IOVCM70R:00000001] Executed DbCommand (11ms) [Parameters=[@p4='00000000-0000-0000-0002-000000000003', @p0='2026-07-13T04:21:44.5516797Z' (Nullable = true) (DbType = DateTime), @p1='XLXlgsqRICUQ9V0Qg63QXSufyts5wNVu0ySWPIA3W6tVNdt4k73a5jecmUHOvoJobaLD51Q9Bq8IPxd2qY1UJg==', @p2='2026-07-20T04:21:44.5515837Z' (Nullable = true) (DbType = DateTime), @p3='2026-07-13T04:21:44.6277624Z' (DbType = DateTime)], CommandType='"Text"', CommandTimeout='30']
UPDATE "Users" SET "LastLoginAt" = @p0, "RefreshToken" = @p1, "RefreshTokenExpiry" = @p2, "UpdatedAt" = @p3
WHERE "Id" = @p4;
2026-07-13 10:21:44.746 +06:00 [INF] [0HNN0IOVCM70R:00000001] Refresh token rotated for user "00000000-0000-0000-0002-000000000003"
2026-07-13 10:21:44.778 +06:00 [INF] [0HNN0IOVCM70R:00000001] [0HNN0IOVCM70R:00000001] POST /api/auth/refresh → 200 (846.8ms)
2026-07-13 10:21:44.899 +06:00 [INF] [0HNN0IOVCM70S:00000001] Executed DbCommand (1ms) [Parameters=[@___currentUser_UserId_0='00000000-0000-0000-0002-000000000003'], CommandType='"Text"', CommandTimeout='30']
SELECT u."Id", u."CreatedAt", u."DeletedAt", u."Email", u."EmailVerificationExpiry", u."EmailVerificationToken", u."FirstName", u."IsActive", u."IsDeleted", u."IsEmailVerified", u."LastLoginAt", u."LastName", u."OrganizationId", u."PasswordHash", u."PasswordResetExpiry", u."PasswordResetToken", u."ProfilePictureUrl", u."RefreshToken", u."RefreshTokenExpiry", u."Role", u."UpdatedAt", o0."Id", o0."CreatedAt", o0."DeletedAt", o0."Description", o0."IsActive", o0."IsDeleted", o0."LogoUrl", o0."Name", o0."Plan", o0."Slug", o0."UpdatedAt"
FROM "Users" AS u
INNER JOIN (
    SELECT o."Id", o."CreatedAt", o."DeletedAt", o."Description", o."IsActive", o."IsDeleted", o."LogoUrl", o."Name", o."Plan", o."Slug", o."UpdatedAt"
    FROM "Organizations" AS o
    WHERE NOT (o."IsDeleted")
) AS o0 ON u."OrganizationId" = o0."Id"
WHERE NOT (u."IsDeleted") AND u."Id" = @___currentUser_UserId_0
LIMIT 1
2026-07-13 10:21:44.940 +06:00 [INF] [0HNN0IOVCM70S:00000001] Executed DbCommand (1ms) [Parameters=[@___currentUser_OrganizationId_0='00000000-0000-0000-0001-000000000001'], CommandType='"Text"', CommandTimeout='30']
SELECT o."Id", o."CreatedAt", o."DeletedAt", o."Description", o."IsActive", o."IsDeleted", o."LogoUrl", o."Name", o."Plan", o."Slug", o."UpdatedAt"
FROM "Organizations" AS o
WHERE NOT (o."IsDeleted") AND o."Id" = @___currentUser_OrganizationId_0
LIMIT 1
2026-07-13 10:21:44.948 +06:00 [INF] [0HNN0IOVCM70S:00000001] [0HNN0IOVCM70S:00000001] GET /api/auth/context → 200 (163.4ms)
2026-07-13 10:21:48.017 +06:00 [INF] [0HNN0IOVCM70T:00000001] Executed DbCommand (1ms) [Parameters=[@___currentUser_UserId_0='00000000-0000-0000-0002-000000000003'], CommandType='"Text"', CommandTimeout='30']
SELECT u."Id", u."CreatedAt", u."DeletedAt", u."Email", u."EmailVerificationExpiry", u."EmailVerificationToken", u."FirstName", u."IsActive", u."IsDeleted", u."IsEmailVerified", u."LastLoginAt", u."LastName", u."OrganizationId", u."PasswordHash", u."PasswordResetExpiry", u."PasswordResetToken", u."ProfilePictureUrl", u."RefreshToken", u."RefreshTokenExpiry", u."Role", u."UpdatedAt", o0."Id", o0."CreatedAt", o0."DeletedAt", o0."Description", o0."IsActive", o0."IsDeleted", o0."LogoUrl", o0."Name", o0."Plan", o0."Slug", o0."UpdatedAt"
FROM "Users" AS u
INNER JOIN (
    SELECT o."Id", o."CreatedAt", o."DeletedAt", o."Description", o."IsActive", o."IsDeleted", o."LogoUrl", o."Name", o."Plan", o."Slug", o."UpdatedAt"
    FROM "Organizations" AS o
    WHERE NOT (o."IsDeleted")
) AS o0 ON u."OrganizationId" = o0."Id"
WHERE NOT (u."IsDeleted") AND u."Id" = @___currentUser_UserId_0
LIMIT 1
2026-07-13 10:21:48.076 +06:00 [INF] [0HNN0IOVCM70T:00000001] Executed DbCommand (1ms) [Parameters=[@__refreshToken_0='XLXlgsqRICUQ9V0Qg63QXSufyts5wNVu0ySWPIA3W6tVNdt4k73a5jecmUHOvoJobaLD51Q9Bq8IPxd2qY1UJg=='], CommandType='"Text"', CommandTimeout='30']
SELECT u."Id", u."CreatedAt", u."DeletedAt", u."Email", u."EmailVerificationExpiry", u."EmailVerificationToken", u."FirstName", u."IsActive", u."IsDeleted", u."IsEmailVerified", u."LastLoginAt", u."LastName", u."OrganizationId", u."PasswordHash", u."PasswordResetExpiry", u."PasswordResetToken", u."ProfilePictureUrl", u."RefreshToken", u."RefreshTokenExpiry", u."Role", u."UpdatedAt"
FROM "Users" AS u
WHERE NOT (u."IsDeleted") AND u."RefreshToken" = @__refreshToken_0
LIMIT 1
2026-07-13 10:21:48.078 +06:00 [INF] [0HNN0IOVCM70T:00000001] Executed DbCommand (1ms) [Parameters=[@p3='00000000-0000-0000-0002-000000000003', @p0=NULL, @p1=NULL (DbType = DateTime), @p2='2026-07-13T04:21:48.0769911Z' (DbType = DateTime)], CommandType='"Text"', CommandTimeout='30']
UPDATE "Users" SET "RefreshToken" = @p0, "RefreshTokenExpiry" = @p1, "UpdatedAt" = @p2
WHERE "Id" = @p3;
2026-07-13 10:21:48.079 +06:00 [INF] [0HNN0IOVCM70T:00000001] Refresh token revoked for user "00000000-0000-0000-0002-000000000003" — logout complete
2026-07-13 10:21:48.081 +06:00 [INF] [0HNN0IOVCM70T:00000001] [0HNN0IOVCM70T:00000001] POST /api/auth/revoke → 200 (72.6ms)
2026-07-13 10:21:49.686 +06:00 [INF] [0HNN0IOVCM70U:00000001] Executed DbCommand (2ms) [Parameters=[@__email_0='demo.owner@worksphere.io'], CommandType='"Text"', CommandTimeout='30']
SELECT u."Id", u."CreatedAt", u."DeletedAt", u."Email", u."EmailVerificationExpiry", u."EmailVerificationToken", u."FirstName", u."IsActive", u."IsDeleted", u."IsEmailVerified", u."LastLoginAt", u."LastName", u."OrganizationId", u."PasswordHash", u."PasswordResetExpiry", u."PasswordResetToken", u."ProfilePictureUrl", u."RefreshToken", u."RefreshTokenExpiry", u."Role", u."UpdatedAt", o0."Id", o0."CreatedAt", o0."DeletedAt", o0."Description", o0."IsActive", o0."IsDeleted", o0."LogoUrl", o0."Name", o0."Plan", o0."Slug", o0."UpdatedAt"
FROM "Users" AS u
INNER JOIN (
    SELECT o."Id", o."CreatedAt", o."DeletedAt", o."Description", o."IsActive", o."IsDeleted", o."LogoUrl", o."Name", o."Plan", o."Slug", o."UpdatedAt"
    FROM "Organizations" AS o
    WHERE NOT (o."IsDeleted")
) AS o0 ON u."OrganizationId" = o0."Id"
WHERE NOT (u."IsDeleted") AND u."Email" = @__email_0
LIMIT 1
2026-07-13 10:21:50.396 +06:00 [DBG] [0HNN0IOVCM70U:00000001] JWT access token generated for user "00000000-0000-0000-0002-000000000001" — expires "2026-07-13T04:36:50.3965111Z"
2026-07-13 10:21:50.397 +06:00 [DBG] [0HNN0IOVCM70U:00000001] Refresh token generated — expires "2026-07-20T04:21:50.3973647Z"
2026-07-13 10:21:50.400 +06:00 [INF] [0HNN0IOVCM70U:00000001] Executed DbCommand (2ms) [Parameters=[@p4='00000000-0000-0000-0002-000000000001', @p0='2026-07-13T04:21:50.3976967Z' (Nullable = true) (DbType = DateTime), @p1='jphBcIxORMUKWlQ1K8ptd8rRzWhzOndezrAlh8dhGNPBqIrwkAGrlzNWuZqN0HUC6FTdsa3BbV49zSsy1n22ZA==', @p2='2026-07-20T04:21:50.3976913Z' (Nullable = true) (DbType = DateTime), @p3='2026-07-13T04:21:50.3978747Z' (DbType = DateTime)], CommandType='"Text"', CommandTimeout='30']
UPDATE "Users" SET "LastLoginAt" = @p0, "RefreshToken" = @p1, "RefreshTokenExpiry" = @p2, "UpdatedAt" = @p3
WHERE "Id" = @p4;
2026-07-13 10:21:50.401 +06:00 [INF] [0HNN0IOVCM70U:00000001] User "00000000-0000-0000-0002-000000000001" logged in from org "00000000-0000-0000-0001-000000000001"
2026-07-13 10:21:50.403 +06:00 [INF] [0HNN0IOVCM70U:00000001] [0HNN0IOVCM70U:00000001] POST /api/auth/login → 200 (751.7ms)
2026-07-13 10:21:55.609 +06:00 [DBG] [0HNN0IOVCM711:00000001] Permission granted: Owner → members.invite
2026-07-13 10:21:55.609 +06:00 [DBG] [0HNN0IOVCM70V:00000001] Permission granted: Owner → organizations.view
2026-07-13 10:21:55.609 +06:00 [DBG] [0HNN0IOVCM710:00000001] Permission granted: Owner → members.view
2026-07-13 10:21:55.611 +06:00 [INF] [0HNN0IOVCM711:00000001] Executed DbCommand (1ms) [Parameters=[@___currentUser_UserId_0='00000000-0000-0000-0002-000000000001'], CommandType='"Text"', CommandTimeout='30']
SELECT u."Id", u."CreatedAt", u."DeletedAt", u."Email", u."EmailVerificationExpiry", u."EmailVerificationToken", u."FirstName", u."IsActive", u."IsDeleted", u."IsEmailVerified", u."LastLoginAt", u."LastName", u."OrganizationId", u."PasswordHash", u."PasswordResetExpiry", u."PasswordResetToken", u."ProfilePictureUrl", u."RefreshToken", u."RefreshTokenExpiry", u."Role", u."UpdatedAt", o0."Id", o0."CreatedAt", o0."DeletedAt", o0."Description", o0."IsActive", o0."IsDeleted", o0."LogoUrl", o0."Name", o0."Plan", o0."Slug", o0."UpdatedAt"
FROM "Users" AS u
INNER JOIN (
    SELECT o."Id", o."CreatedAt", o."DeletedAt", o."Description", o."IsActive", o."IsDeleted", o."LogoUrl", o."Name", o."Plan", o."Slug", o."UpdatedAt"
    FROM "Organizations" AS o
    WHERE NOT (o."IsDeleted")
) AS o0 ON u."OrganizationId" = o0."Id"
WHERE NOT (u."IsDeleted") AND u."Id" = @___currentUser_UserId_0
LIMIT 1
2026-07-13 10:21:55.656 +06:00 [INF] [0HNN0IOVCM710:00000001] Executed DbCommand (7ms) [Parameters=[@___currentUser_UserId_0='00000000-0000-0000-0002-000000000001'], CommandType='"Text"', CommandTimeout='30']
SELECT u."Id", u."CreatedAt", u."DeletedAt", u."Email", u."EmailVerificationExpiry", u."EmailVerificationToken", u."FirstName", u."IsActive", u."IsDeleted", u."IsEmailVerified", u."LastLoginAt", u."LastName", u."OrganizationId", u."PasswordHash", u."PasswordResetExpiry", u."PasswordResetToken", u."ProfilePictureUrl", u."RefreshToken", u."RefreshTokenExpiry", u."Role", u."UpdatedAt", o0."Id", o0."CreatedAt", o0."DeletedAt", o0."Description", o0."IsActive", o0."IsDeleted", o0."LogoUrl", o0."Name", o0."Plan", o0."Slug", o0."UpdatedAt"
FROM "Users" AS u
INNER JOIN (
    SELECT o."Id", o."CreatedAt", o."DeletedAt", o."Description", o."IsActive", o."IsDeleted", o."LogoUrl", o."Name", o."Plan", o."Slug", o."UpdatedAt"
    FROM "Organizations" AS o
    WHERE NOT (o."IsDeleted")
) AS o0 ON u."OrganizationId" = o0."Id"
WHERE NOT (u."IsDeleted") AND u."Id" = @___currentUser_UserId_0
LIMIT 1
2026-07-13 10:21:55.667 +06:00 [INF] [0HNN0IOVCM711:00000001] Executed DbCommand (9ms) [Parameters=[@___currentUser_OrganizationId_0='00000000-0000-0000-0001-000000000001'], CommandType='"Text"', CommandTimeout='30']
SELECT o."Id", o."AcceptedAt", o."AcceptedByUserId", o."CreatedAt", o."DeletedAt", o."ExpiresAt", o."InvitedByUserId", o."InviteeEmail", o."IsDeleted", o."OrganizationId", o."Role", o."Status", o."Token", o."UpdatedAt", u0."Id", u0."CreatedAt", u0."DeletedAt", u0."Email", u0."EmailVerificationExpiry", u0."EmailVerificationToken", u0."FirstName", u0."IsActive", u0."IsDeleted", u0."IsEmailVerified", u0."LastLoginAt", u0."LastName", u0."OrganizationId", u0."PasswordHash", u0."PasswordResetExpiry", u0."PasswordResetToken", u0."ProfilePictureUrl", u0."RefreshToken", u0."RefreshTokenExpiry", u0."Role", u0."UpdatedAt"
FROM "OrganizationInvites" AS o
INNER JOIN (
    SELECT u."Id", u."CreatedAt", u."DeletedAt", u."Email", u."EmailVerificationExpiry", u."EmailVerificationToken", u."FirstName", u."IsActive", u."IsDeleted", u."IsEmailVerified", u."LastLoginAt", u."LastName", u."OrganizationId", u."PasswordHash", u."PasswordResetExpiry", u."PasswordResetToken", u."ProfilePictureUrl", u."RefreshToken", u."RefreshTokenExpiry", u."Role", u."UpdatedAt"
    FROM "Users" AS u
    WHERE NOT (u."IsDeleted")
) AS u0 ON o."InvitedByUserId" = u0."Id"
WHERE NOT (o."IsDeleted") AND o."OrganizationId" = @___currentUser_OrganizationId_0
ORDER BY o."CreatedAt" DESC
2026-07-13 10:21:55.672 +06:00 [INF] [0HNN0IOVCM711:00000001] [0HNN0IOVCM711:00000001] GET /api/organizations/me/invites → 200 (65.9ms)
2026-07-13 10:21:55.692 +06:00 [INF] [0HNN0IOVCM710:00000001] Executed DbCommand (6ms) [Parameters=[@___currentUser_OrganizationId_0='00000000-0000-0000-0001-000000000001'], CommandType='"Text"', CommandTimeout='30']
SELECT count(*)::int
FROM "Users" AS u
WHERE NOT (u."IsDeleted") AND u."OrganizationId" = @___currentUser_OrganizationId_0
2026-07-13 10:21:55.717 +06:00 [INF] [0HNN0IOVCM710:00000001] Executed DbCommand (1ms) [Parameters=[@___currentUser_OrganizationId_0='00000000-0000-0000-0001-000000000001', @__p_2='100', @__p_1='0'], CommandType='"Text"', CommandTimeout='30']
SELECT u."Id", u."CreatedAt", u."DeletedAt", u."Email", u."EmailVerificationExpiry", u."EmailVerificationToken", u."FirstName", u."IsActive", u."IsDeleted", u."IsEmailVerified", u."LastLoginAt", u."LastName", u."OrganizationId", u."PasswordHash", u."PasswordResetExpiry", u."PasswordResetToken", u."ProfilePictureUrl", u."RefreshToken", u."RefreshTokenExpiry", u."Role", u."UpdatedAt"
FROM "Users" AS u
WHERE NOT (u."IsDeleted") AND u."OrganizationId" = @___currentUser_OrganizationId_0
ORDER BY u."FirstName", u."LastName"
LIMIT @__p_2 OFFSET @__p_1
2026-07-13 10:21:55.726 +06:00 [INF] [0HNN0IOVCM710:00000001] Members listed for org "00000000-0000-0000-0001-000000000001" — page 1, 4 results
2026-07-13 10:21:55.745 +06:00 [INF] [0HNN0IOVCM710:00000001] [0HNN0IOVCM710:00000001] GET /api/organizations/me/members → 200 (138.1ms)
2026-07-13 10:21:55.766 +06:00 [INF] [0HNN0IOVCM70V:00000001] Executed DbCommand (4ms) [Parameters=[@___currentUser_UserId_0='00000000-0000-0000-0002-000000000001'], CommandType='"Text"', CommandTimeout='30']
SELECT u."Id", u."CreatedAt", u."DeletedAt", u."Email", u."EmailVerificationExpiry", u."EmailVerificationToken", u."FirstName", u."IsActive", u."IsDeleted", u."IsEmailVerified", u."LastLoginAt", u."LastName", u."OrganizationId", u."PasswordHash", u."PasswordResetExpiry", u."PasswordResetToken", u."ProfilePictureUrl", u."RefreshToken", u."RefreshTokenExpiry", u."Role", u."UpdatedAt", o0."Id", o0."CreatedAt", o0."DeletedAt", o0."Description", o0."IsActive", o0."IsDeleted", o0."LogoUrl", o0."Name", o0."Plan", o0."Slug", o0."UpdatedAt"
FROM "Users" AS u
INNER JOIN (
    SELECT o."Id", o."CreatedAt", o."DeletedAt", o."Description", o."IsActive", o."IsDeleted", o."LogoUrl", o."Name", o."Plan", o."Slug", o."UpdatedAt"
    FROM "Organizations" AS o
    WHERE NOT (o."IsDeleted")
) AS o0 ON u."OrganizationId" = o0."Id"
WHERE NOT (u."IsDeleted") AND u."Id" = @___currentUser_UserId_0
LIMIT 1
2026-07-13 10:21:55.776 +06:00 [INF] [0HNN0IOVCM70V:00000001] Executed DbCommand (1ms) [Parameters=[@___currentUser_OrganizationId_0='00000000-0000-0000-0001-000000000001'], CommandType='"Text"', CommandTimeout='30']
SELECT o."Id", o."CreatedAt", o."DeletedAt", o."Description", o."IsActive", o."IsDeleted", o."LogoUrl", o."Name", o."Plan", o."Slug", o."UpdatedAt"
FROM "Organizations" AS o
WHERE NOT (o."IsDeleted") AND o."Id" = @___currentUser_OrganizationId_0
LIMIT 1
2026-07-13 10:21:55.785 +06:00 [INF] [0HNN0IOVCM70V:00000001] Executed DbCommand (1ms) [Parameters=[@___currentUser_OrganizationId_0='00000000-0000-0000-0001-000000000001'], CommandType='"Text"', CommandTimeout='30']
SELECT count(*)::int
FROM "Users" AS u
WHERE NOT (u."IsDeleted") AND u."OrganizationId" = @___currentUser_OrganizationId_0 AND u."IsActive"
2026-07-13 10:21:55.787 +06:00 [INF] [0HNN0IOVCM70V:00000001] Org profile retrieved by "00000000-0000-0000-0002-000000000001" for org "00000000-0000-0000-0001-000000000001"
2026-07-13 10:21:55.794 +06:00 [INF] [0HNN0IOVCM70V:00000001] [0HNN0IOVCM70V:00000001] GET /api/organizations/me → 200 (187.3ms)
2026-07-13 10:23:26.601 +06:00 [DBG] [0HNN0IOVCM712:00000001] Permission granted: Owner → members.view
2026-07-13 10:23:26.601 +06:00 [DBG] [0HNN0IOVCM713:00000001] Permission granted: Owner → members.invite
2026-07-13 10:23:26.603 +06:00 [INF] [0HNN0IOVCM713:00000001] Executed DbCommand (1ms) [Parameters=[@___currentUser_UserId_0='00000000-0000-0000-0002-000000000001'], CommandType='"Text"', CommandTimeout='30']
SELECT u."Id", u."CreatedAt", u."DeletedAt", u."Email", u."EmailVerificationExpiry", u."EmailVerificationToken", u."FirstName", u."IsActive", u."IsDeleted", u."IsEmailVerified", u."LastLoginAt", u."LastName", u."OrganizationId", u."PasswordHash", u."PasswordResetExpiry", u."PasswordResetToken", u."ProfilePictureUrl", u."RefreshToken", u."RefreshTokenExpiry", u."Role", u."UpdatedAt", o0."Id", o0."CreatedAt", o0."DeletedAt", o0."Description", o0."IsActive", o0."IsDeleted", o0."LogoUrl", o0."Name", o0."Plan", o0."Slug", o0."UpdatedAt"
FROM "Users" AS u
INNER JOIN (
    SELECT o."Id", o."CreatedAt", o."DeletedAt", o."Description", o."IsActive", o."IsDeleted", o."LogoUrl", o."Name", o."Plan", o."Slug", o."UpdatedAt"
    FROM "Organizations" AS o
    WHERE NOT (o."IsDeleted")
) AS o0 ON u."OrganizationId" = o0."Id"
WHERE NOT (u."IsDeleted") AND u."Id" = @___currentUser_UserId_0
LIMIT 1
2026-07-13 10:23:26.603 +06:00 [INF] [0HNN0IOVCM712:00000001] Executed DbCommand (1ms) [Parameters=[@___currentUser_UserId_0='00000000-0000-0000-0002-000000000001'], CommandType='"Text"', CommandTimeout='30']
SELECT u."Id", u."CreatedAt", u."DeletedAt", u."Email", u."EmailVerificationExpiry", u."EmailVerificationToken", u."FirstName", u."IsActive", u."IsDeleted", u."IsEmailVerified", u."LastLoginAt", u."LastName", u."OrganizationId", u."PasswordHash", u."PasswordResetExpiry", u."PasswordResetToken", u."ProfilePictureUrl", u."RefreshToken", u."RefreshTokenExpiry", u."Role", u."UpdatedAt", o0."Id", o0."CreatedAt", o0."DeletedAt", o0."Description", o0."IsActive", o0."IsDeleted", o0."LogoUrl", o0."Name", o0."Plan", o0."Slug", o0."UpdatedAt"
FROM "Users" AS u
INNER JOIN (
    SELECT o."Id", o."CreatedAt", o."DeletedAt", o."Description", o."IsActive", o."IsDeleted", o."LogoUrl", o."Name", o."Plan", o."Slug", o."UpdatedAt"
    FROM "Organizations" AS o
    WHERE NOT (o."IsDeleted")
) AS o0 ON u."OrganizationId" = o0."Id"
WHERE NOT (u."IsDeleted") AND u."Id" = @___currentUser_UserId_0
LIMIT 1
2026-07-13 10:23:26.606 +06:00 [INF] [0HNN0IOVCM713:00000001] Executed DbCommand (2ms) [Parameters=[@___currentUser_OrganizationId_0='00000000-0000-0000-0001-000000000001'], CommandType='"Text"', CommandTimeout='30']
SELECT o."Id", o."AcceptedAt", o."AcceptedByUserId", o."CreatedAt", o."DeletedAt", o."ExpiresAt", o."InvitedByUserId", o."InviteeEmail", o."IsDeleted", o."OrganizationId", o."Role", o."Status", o."Token", o."UpdatedAt", u0."Id", u0."CreatedAt", u0."DeletedAt", u0."Email", u0."EmailVerificationExpiry", u0."EmailVerificationToken", u0."FirstName", u0."IsActive", u0."IsDeleted", u0."IsEmailVerified", u0."LastLoginAt", u0."LastName", u0."OrganizationId", u0."PasswordHash", u0."PasswordResetExpiry", u0."PasswordResetToken", u0."ProfilePictureUrl", u0."RefreshToken", u0."RefreshTokenExpiry", u0."Role", u0."UpdatedAt"
FROM "OrganizationInvites" AS o
INNER JOIN (
    SELECT u."Id", u."CreatedAt", u."DeletedAt", u."Email", u."EmailVerificationExpiry", u."EmailVerificationToken", u."FirstName", u."IsActive", u."IsDeleted", u."IsEmailVerified", u."LastLoginAt", u."LastName", u."OrganizationId", u."PasswordHash", u."PasswordResetExpiry", u."PasswordResetToken", u."ProfilePictureUrl", u."RefreshToken", u."RefreshTokenExpiry", u."Role", u."UpdatedAt"
    FROM "Users" AS u
    WHERE NOT (u."IsDeleted")
) AS u0 ON o."InvitedByUserId" = u0."Id"
WHERE NOT (o."IsDeleted") AND o."OrganizationId" = @___currentUser_OrganizationId_0
ORDER BY o."CreatedAt" DESC
2026-07-13 10:23:26.607 +06:00 [INF] [0HNN0IOVCM713:00000001] [0HNN0IOVCM713:00000001] GET /api/organizations/me/invites → 200 (7.4ms)
2026-07-13 10:23:26.608 +06:00 [INF] [0HNN0IOVCM712:00000001] Executed DbCommand (1ms) [Parameters=[@___currentUser_OrganizationId_0='00000000-0000-0000-0001-000000000001'], CommandType='"Text"', CommandTimeout='30']
SELECT count(*)::int
FROM "Users" AS u
WHERE NOT (u."IsDeleted") AND u."OrganizationId" = @___currentUser_OrganizationId_0
2026-07-13 10:23:26.610 +06:00 [INF] [0HNN0IOVCM712:00000001] Executed DbCommand (1ms) [Parameters=[@___currentUser_OrganizationId_0='00000000-0000-0000-0001-000000000001', @__p_2='100', @__p_1='0'], CommandType='"Text"', CommandTimeout='30']
SELECT u."Id", u."CreatedAt", u."DeletedAt", u."Email", u."EmailVerificationExpiry", u."EmailVerificationToken", u."FirstName", u."IsActive", u."IsDeleted", u."IsEmailVerified", u."LastLoginAt", u."LastName", u."OrganizationId", u."PasswordHash", u."PasswordResetExpiry", u."PasswordResetToken", u."ProfilePictureUrl", u."RefreshToken", u."RefreshTokenExpiry", u."Role", u."UpdatedAt"
FROM "Users" AS u
WHERE NOT (u."IsDeleted") AND u."OrganizationId" = @___currentUser_OrganizationId_0
ORDER BY u."FirstName", u."LastName"
LIMIT @__p_2 OFFSET @__p_1
2026-07-13 10:23:26.611 +06:00 [INF] [0HNN0IOVCM712:00000001] Members listed for org "00000000-0000-0000-0001-000000000001" — page 1, 4 results
2026-07-13 10:23:26.612 +06:00 [INF] [0HNN0IOVCM712:00000001] [0HNN0IOVCM712:00000001] GET /api/organizations/me/members → 200 (11.5ms)
2026-07-13 10:23:50.261 +06:00 [INF] [0HNN0IOVCM714:00000001] Executed DbCommand (1ms) [Parameters=[@___currentUser_UserId_0='00000000-0000-0000-0002-000000000001'], CommandType='"Text"', CommandTimeout='30']
SELECT u."Id", u."CreatedAt", u."DeletedAt", u."Email", u."EmailVerificationExpiry", u."EmailVerificationToken", u."FirstName", u."IsActive", u."IsDeleted", u."IsEmailVerified", u."LastLoginAt", u."LastName", u."OrganizationId", u."PasswordHash", u."PasswordResetExpiry", u."PasswordResetToken", u."ProfilePictureUrl", u."RefreshToken", u."RefreshTokenExpiry", u."Role", u."UpdatedAt", o0."Id", o0."CreatedAt", o0."DeletedAt", o0."Description", o0."IsActive", o0."IsDeleted", o0."LogoUrl", o0."Name", o0."Plan", o0."Slug", o0."UpdatedAt"
FROM "Users" AS u
INNER JOIN (
    SELECT o."Id", o."CreatedAt", o."DeletedAt", o."Description", o."IsActive", o."IsDeleted", o."LogoUrl", o."Name", o."Plan", o."Slug", o."UpdatedAt"
    FROM "Organizations" AS o
    WHERE NOT (o."IsDeleted")
) AS o0 ON u."OrganizationId" = o0."Id"
WHERE NOT (u."IsDeleted") AND u."Id" = @___currentUser_UserId_0
LIMIT 1
2026-07-13 10:23:50.264 +06:00 [INF] [0HNN0IOVCM714:00000001] Executed DbCommand (1ms) [Parameters=[@__refreshToken_0='jphBcIxORMUKWlQ1K8ptd8rRzWhzOndezrAlh8dhGNPBqIrwkAGrlzNWuZqN0HUC6FTdsa3BbV49zSsy1n22ZA=='], CommandType='"Text"', CommandTimeout='30']
SELECT u."Id", u."CreatedAt", u."DeletedAt", u."Email", u."EmailVerificationExpiry", u."EmailVerificationToken", u."FirstName", u."IsActive", u."IsDeleted", u."IsEmailVerified", u."LastLoginAt", u."LastName", u."OrganizationId", u."PasswordHash", u."PasswordResetExpiry", u."PasswordResetToken", u."ProfilePictureUrl", u."RefreshToken", u."RefreshTokenExpiry", u."Role", u."UpdatedAt"
FROM "Users" AS u
WHERE NOT (u."IsDeleted") AND u."RefreshToken" = @__refreshToken_0
LIMIT 1
2026-07-13 10:23:50.303 +06:00 [INF] [0HNN0IOVCM714:00000001] Executed DbCommand (37ms) [Parameters=[@p3='00000000-0000-0000-0002-000000000001', @p0=NULL, @p1=NULL (DbType = DateTime), @p2='2026-07-13T04:23:50.2656109Z' (DbType = DateTime)], CommandType='"Text"', CommandTimeout='30']
UPDATE "Users" SET "RefreshToken" = @p0, "RefreshTokenExpiry" = @p1, "UpdatedAt" = @p2
WHERE "Id" = @p3;
2026-07-13 10:23:50.304 +06:00 [INF] [0HNN0IOVCM714:00000001] Refresh token revoked for user "00000000-0000-0000-0002-000000000001" — logout complete
2026-07-13 10:23:50.304 +06:00 [INF] [0HNN0IOVCM714:00000001] [0HNN0IOVCM714:00000001] POST /api/auth/revoke → 200 (46.4ms)
2026-07-13 10:23:55.154 +06:00 [INF] [0HNN0IOVCM715:00000001] Executed DbCommand (1ms) [Parameters=[@__email_0='demo.member1@worksphere.io'], CommandType='"Text"', CommandTimeout='30']
SELECT u."Id", u."CreatedAt", u."DeletedAt", u."Email", u."EmailVerificationExpiry", u."EmailVerificationToken", u."FirstName", u."IsActive", u."IsDeleted", u."IsEmailVerified", u."LastLoginAt", u."LastName", u."OrganizationId", u."PasswordHash", u."PasswordResetExpiry", u."PasswordResetToken", u."ProfilePictureUrl", u."RefreshToken", u."RefreshTokenExpiry", u."Role", u."UpdatedAt", o0."Id", o0."CreatedAt", o0."DeletedAt", o0."Description", o0."IsActive", o0."IsDeleted", o0."LogoUrl", o0."Name", o0."Plan", o0."Slug", o0."UpdatedAt"
FROM "Users" AS u
INNER JOIN (
    SELECT o."Id", o."CreatedAt", o."DeletedAt", o."Description", o."IsActive", o."IsDeleted", o."LogoUrl", o."Name", o."Plan", o."Slug", o."UpdatedAt"
    FROM "Organizations" AS o
    WHERE NOT (o."IsDeleted")
) AS o0 ON u."OrganizationId" = o0."Id"
WHERE NOT (u."IsDeleted") AND u."Email" = @__email_0
LIMIT 1
2026-07-13 10:23:55.604 +06:00 [DBG] [0HNN0IOVCM715:00000001] JWT access token generated for user "00000000-0000-0000-0002-000000000003" — expires "2026-07-13T04:38:55.6041490Z"
2026-07-13 10:23:55.604 +06:00 [DBG] [0HNN0IOVCM715:00000001] Refresh token generated — expires "2026-07-20T04:23:55.6049566Z"
2026-07-13 10:23:55.610 +06:00 [INF] [0HNN0IOVCM715:00000001] Executed DbCommand (4ms) [Parameters=[@p4='00000000-0000-0000-0002-000000000003', @p0='2026-07-13T04:23:55.6052704Z' (Nullable = true) (DbType = DateTime), @p1='aQTzvEehE7UlHWg5Sirht/ZtDd7/QxlWhsldCJa/9+kV8Sd8kHhMj88YPpKYpcakIxUKXFCDegf7RCc2XRcYdA==', @p2='2026-07-20T04:23:55.6052685Z' (Nullable = true) (DbType = DateTime), @p3='2026-07-13T04:23:55.6056305Z' (DbType = DateTime)], CommandType='"Text"', CommandTimeout='30']
UPDATE "Users" SET "LastLoginAt" = @p0, "RefreshToken" = @p1, "RefreshTokenExpiry" = @p2, "UpdatedAt" = @p3
WHERE "Id" = @p4;
2026-07-13 10:23:55.611 +06:00 [INF] [0HNN0IOVCM715:00000001] User "00000000-0000-0000-0002-000000000003" logged in from org "00000000-0000-0000-0001-000000000001"
2026-07-13 10:23:55.612 +06:00 [INF] [0HNN0IOVCM715:00000001] [0HNN0IOVCM715:00000001] POST /api/auth/login → 200 (460.7ms)
2026-07-13 10:24:14.604 +06:00 [INF] [0HNN0IOVCM716:00000001] Executed DbCommand (1ms) [Parameters=[@___currentUser_UserId_0='00000000-0000-0000-0002-000000000003'], CommandType='"Text"', CommandTimeout='30']
SELECT u."Id", u."CreatedAt", u."DeletedAt", u."Email", u."EmailVerificationExpiry", u."EmailVerificationToken", u."FirstName", u."IsActive", u."IsDeleted", u."IsEmailVerified", u."LastLoginAt", u."LastName", u."OrganizationId", u."PasswordHash", u."PasswordResetExpiry", u."PasswordResetToken", u."ProfilePictureUrl", u."RefreshToken", u."RefreshTokenExpiry", u."Role", u."UpdatedAt", o0."Id", o0."CreatedAt", o0."DeletedAt", o0."Description", o0."IsActive", o0."IsDeleted", o0."LogoUrl", o0."Name", o0."Plan", o0."Slug", o0."UpdatedAt"
FROM "Users" AS u
INNER JOIN (
    SELECT o."Id", o."CreatedAt", o."DeletedAt", o."Description", o."IsActive", o."IsDeleted", o."LogoUrl", o."Name", o."Plan", o."Slug", o."UpdatedAt"
    FROM "Organizations" AS o
    WHERE NOT (o."IsDeleted")
) AS o0 ON u."OrganizationId" = o0."Id"
WHERE NOT (u."IsDeleted") AND u."Id" = @___currentUser_UserId_0
LIMIT 1
2026-07-13 10:24:14.607 +06:00 [INF] [0HNN0IOVCM716:00000001] Executed DbCommand (1ms) [Parameters=[@__refreshToken_0='aQTzvEehE7UlHWg5Sirht/ZtDd7/QxlWhsldCJa/9+kV8Sd8kHhMj88YPpKYpcakIxUKXFCDegf7RCc2XRcYdA=='], CommandType='"Text"', CommandTimeout='30']
SELECT u."Id", u."CreatedAt", u."DeletedAt", u."Email", u."EmailVerificationExpiry", u."EmailVerificationToken", u."FirstName", u."IsActive", u."IsDeleted", u."IsEmailVerified", u."LastLoginAt", u."LastName", u."OrganizationId", u."PasswordHash", u."PasswordResetExpiry", u."PasswordResetToken", u."ProfilePictureUrl", u."RefreshToken", u."RefreshTokenExpiry", u."Role", u."UpdatedAt"
FROM "Users" AS u
WHERE NOT (u."IsDeleted") AND u."RefreshToken" = @__refreshToken_0
LIMIT 1
2026-07-13 10:24:14.640 +06:00 [INF] [0HNN0IOVCM716:00000001] Executed DbCommand (32ms) [Parameters=[@p3='00000000-0000-0000-0002-000000000003', @p0=NULL, @p1=NULL (DbType = DateTime), @p2='2026-07-13T04:24:14.6082713Z' (DbType = DateTime)], CommandType='"Text"', CommandTimeout='30']
UPDATE "Users" SET "RefreshToken" = @p0, "RefreshTokenExpiry" = @p1, "UpdatedAt" = @p2
WHERE "Id" = @p3;
2026-07-13 10:24:14.641 +06:00 [INF] [0HNN0IOVCM716:00000001] Refresh token revoked for user "00000000-0000-0000-0002-000000000003" — logout complete
2026-07-13 10:24:14.641 +06:00 [INF] [0HNN0IOVCM716:00000001] [0HNN0IOVCM716:00000001] POST /api/auth/revoke → 200 (40.1ms)
2026-07-13 10:24:17.858 +06:00 [INF] [0HNN0IOVCM717:00000001] Executed DbCommand (1ms) [Parameters=[@__email_0='demo.owner@worksphere.io'], CommandType='"Text"', CommandTimeout='30']
SELECT u."Id", u."CreatedAt", u."DeletedAt", u."Email", u."EmailVerificationExpiry", u."EmailVerificationToken", u."FirstName", u."IsActive", u."IsDeleted", u."IsEmailVerified", u."LastLoginAt", u."LastName", u."OrganizationId", u."PasswordHash", u."PasswordResetExpiry", u."PasswordResetToken", u."ProfilePictureUrl", u."RefreshToken", u."RefreshTokenExpiry", u."Role", u."UpdatedAt", o0."Id", o0."CreatedAt", o0."DeletedAt", o0."Description", o0."IsActive", o0."IsDeleted", o0."LogoUrl", o0."Name", o0."Plan", o0."Slug", o0."UpdatedAt"
FROM "Users" AS u
INNER JOIN (
    SELECT o."Id", o."CreatedAt", o."DeletedAt", o."Description", o."IsActive", o."IsDeleted", o."LogoUrl", o."Name", o."Plan", o."Slug", o."UpdatedAt"
    FROM "Organizations" AS o
    WHERE NOT (o."IsDeleted")
) AS o0 ON u."OrganizationId" = o0."Id"
WHERE NOT (u."IsDeleted") AND u."Email" = @__email_0
LIMIT 1
2026-07-13 10:24:18.296 +06:00 [DBG] [0HNN0IOVCM717:00000001] JWT access token generated for user "00000000-0000-0000-0002-000000000001" — expires "2026-07-13T04:39:18.2958314Z"
2026-07-13 10:24:18.296 +06:00 [DBG] [0HNN0IOVCM717:00000001] Refresh token generated — expires "2026-07-20T04:24:18.2966125Z"
2026-07-13 10:24:18.329 +06:00 [INF] [0HNN0IOVCM717:00000001] Executed DbCommand (32ms) [Parameters=[@p4='00000000-0000-0000-0002-000000000001', @p0='2026-07-13T04:24:18.2968427Z' (Nullable = true) (DbType = DateTime), @p1='LqTpw5fL+X8VNK8dkKMvUy+8d2VMLmg42RKuinc3CP+jnWF0SyXGYRwNTo9bsZanUX1qk5pjYl7RTOEB438eiQ==', @p2='2026-07-20T04:24:18.2968416Z' (Nullable = true) (DbType = DateTime), @p3='2026-07-13T04:24:18.2969563Z' (DbType = DateTime)], CommandType='"Text"', CommandTimeout='30']
UPDATE "Users" SET "LastLoginAt" = @p0, "RefreshToken" = @p1, "RefreshTokenExpiry" = @p2, "UpdatedAt" = @p3
WHERE "Id" = @p4;
2026-07-13 10:24:18.330 +06:00 [INF] [0HNN0IOVCM717:00000001] User "00000000-0000-0000-0002-000000000001" logged in from org "00000000-0000-0000-0001-000000000001"
2026-07-13 10:24:18.331 +06:00 [INF] [0HNN0IOVCM717:00000001] [0HNN0IOVCM717:00000001] POST /api/auth/login → 200 (477.2ms)
2026-07-13 10:24:31.980 +06:00 [DBG] [0HNN0IOVCM719:00000001] Permission granted: Owner → members.invite
2026-07-13 10:24:31.980 +06:00 [DBG] [0HNN0IOVCM718:00000001] Permission granted: Owner → members.view
2026-07-13 10:24:31.983 +06:00 [INF] [0HNN0IOVCM718:00000001] Executed DbCommand (1ms) [Parameters=[@___currentUser_UserId_0='00000000-0000-0000-0002-000000000001'], CommandType='"Text"', CommandTimeout='30']
SELECT u."Id", u."CreatedAt", u."DeletedAt", u."Email", u."EmailVerificationExpiry", u."EmailVerificationToken", u."FirstName", u."IsActive", u."IsDeleted", u."IsEmailVerified", u."LastLoginAt", u."LastName", u."OrganizationId", u."PasswordHash", u."PasswordResetExpiry", u."PasswordResetToken", u."ProfilePictureUrl", u."RefreshToken", u."RefreshTokenExpiry", u."Role", u."UpdatedAt", o0."Id", o0."CreatedAt", o0."DeletedAt", o0."Description", o0."IsActive", o0."IsDeleted", o0."LogoUrl", o0."Name", o0."Plan", o0."Slug", o0."UpdatedAt"
FROM "Users" AS u
INNER JOIN (
    SELECT o."Id", o."CreatedAt", o."DeletedAt", o."Description", o."IsActive", o."IsDeleted", o."LogoUrl", o."Name", o."Plan", o."Slug", o."UpdatedAt"
    FROM "Organizations" AS o
    WHERE NOT (o."IsDeleted")
) AS o0 ON u."OrganizationId" = o0."Id"
WHERE NOT (u."IsDeleted") AND u."Id" = @___currentUser_UserId_0
LIMIT 1
2026-07-13 10:24:31.985 +06:00 [INF] [0HNN0IOVCM718:00000001] Executed DbCommand (1ms) [Parameters=[@___currentUser_OrganizationId_0='00000000-0000-0000-0001-000000000001'], CommandType='"Text"', CommandTimeout='30']
SELECT count(*)::int
FROM "Users" AS u
WHERE NOT (u."IsDeleted") AND u."OrganizationId" = @___currentUser_OrganizationId_0
2026-07-13 10:24:31.988 +06:00 [INF] [0HNN0IOVCM718:00000001] Executed DbCommand (1ms) [Parameters=[@___currentUser_OrganizationId_0='00000000-0000-0000-0001-000000000001', @__p_2='100', @__p_1='0'], CommandType='"Text"', CommandTimeout='30']
SELECT u."Id", u."CreatedAt", u."DeletedAt", u."Email", u."EmailVerificationExpiry", u."EmailVerificationToken", u."FirstName", u."IsActive", u."IsDeleted", u."IsEmailVerified", u."LastLoginAt", u."LastName", u."OrganizationId", u."PasswordHash", u."PasswordResetExpiry", u."PasswordResetToken", u."ProfilePictureUrl", u."RefreshToken", u."RefreshTokenExpiry", u."Role", u."UpdatedAt"
FROM "Users" AS u
WHERE NOT (u."IsDeleted") AND u."OrganizationId" = @___currentUser_OrganizationId_0
ORDER BY u."FirstName", u."LastName"
LIMIT @__p_2 OFFSET @__p_1
2026-07-13 10:24:31.989 +06:00 [INF] [0HNN0IOVCM718:00000001] Members listed for org "00000000-0000-0000-0001-000000000001" — page 1, 4 results
2026-07-13 10:24:31.990 +06:00 [INF] [0HNN0IOVCM718:00000001] [0HNN0IOVCM718:00000001] GET /api/organizations/me/members → 200 (10.5ms)
2026-07-13 10:24:32.006 +06:00 [INF] [0HNN0IOVCM719:00000001] Executed DbCommand (24ms) [Parameters=[@___currentUser_UserId_0='00000000-0000-0000-0002-000000000001'], CommandType='"Text"', CommandTimeout='30']
SELECT u."Id", u."CreatedAt", u."DeletedAt", u."Email", u."EmailVerificationExpiry", u."EmailVerificationToken", u."FirstName", u."IsActive", u."IsDeleted", u."IsEmailVerified", u."LastLoginAt", u."LastName", u."OrganizationId", u."PasswordHash", u."PasswordResetExpiry", u."PasswordResetToken", u."ProfilePictureUrl", u."RefreshToken", u."RefreshTokenExpiry", u."Role", u."UpdatedAt", o0."Id", o0."CreatedAt", o0."DeletedAt", o0."Description", o0."IsActive", o0."IsDeleted", o0."LogoUrl", o0."Name", o0."Plan", o0."Slug", o0."UpdatedAt"
FROM "Users" AS u
INNER JOIN (
    SELECT o."Id", o."CreatedAt", o."DeletedAt", o."Description", o."IsActive", o."IsDeleted", o."LogoUrl", o."Name", o."Plan", o."Slug", o."UpdatedAt"
    FROM "Organizations" AS o
    WHERE NOT (o."IsDeleted")
) AS o0 ON u."OrganizationId" = o0."Id"
WHERE NOT (u."IsDeleted") AND u."Id" = @___currentUser_UserId_0
LIMIT 1
2026-07-13 10:24:32.010 +06:00 [INF] [0HNN0IOVCM719:00000001] Executed DbCommand (1ms) [Parameters=[@___currentUser_OrganizationId_0='00000000-0000-0000-0001-000000000001'], CommandType='"Text"', CommandTimeout='30']
SELECT o."Id", o."AcceptedAt", o."AcceptedByUserId", o."CreatedAt", o."DeletedAt", o."ExpiresAt", o."InvitedByUserId", o."InviteeEmail", o."IsDeleted", o."OrganizationId", o."Role", o."Status", o."Token", o."UpdatedAt", u0."Id", u0."CreatedAt", u0."DeletedAt", u0."Email", u0."EmailVerificationExpiry", u0."EmailVerificationToken", u0."FirstName", u0."IsActive", u0."IsDeleted", u0."IsEmailVerified", u0."LastLoginAt", u0."LastName", u0."OrganizationId", u0."PasswordHash", u0."PasswordResetExpiry", u0."PasswordResetToken", u0."ProfilePictureUrl", u0."RefreshToken", u0."RefreshTokenExpiry", u0."Role", u0."UpdatedAt"
FROM "OrganizationInvites" AS o
INNER JOIN (
    SELECT u."Id", u."CreatedAt", u."DeletedAt", u."Email", u."EmailVerificationExpiry", u."EmailVerificationToken", u."FirstName", u."IsActive", u."IsDeleted", u."IsEmailVerified", u."LastLoginAt", u."LastName", u."OrganizationId", u."PasswordHash", u."PasswordResetExpiry", u."PasswordResetToken", u."ProfilePictureUrl", u."RefreshToken", u."RefreshTokenExpiry", u."Role", u."UpdatedAt"
    FROM "Users" AS u
    WHERE NOT (u."IsDeleted")
) AS u0 ON o."InvitedByUserId" = u0."Id"
WHERE NOT (o."IsDeleted") AND o."OrganizationId" = @___currentUser_OrganizationId_0
ORDER BY o."CreatedAt" DESC
2026-07-13 10:24:32.010 +06:00 [INF] [0HNN0IOVCM719:00000001] [0HNN0IOVCM719:00000001] GET /api/organizations/me/invites → 200 (30.8ms)
2026-07-13 10:25:40.620 +06:00 [DBG] [0HNN0IOVCM71A:00000001] Permission granted: Owner → members.invite
2026-07-13 10:25:40.626 +06:00 [INF] [0HNN0IOVCM71A:00000001] Executed DbCommand (1ms) [Parameters=[@___currentUser_UserId_0='00000000-0000-0000-0002-000000000001'], CommandType='"Text"', CommandTimeout='30']
SELECT u."Id", u."CreatedAt", u."DeletedAt", u."Email", u."EmailVerificationExpiry", u."EmailVerificationToken", u."FirstName", u."IsActive", u."IsDeleted", u."IsEmailVerified", u."LastLoginAt", u."LastName", u."OrganizationId", u."PasswordHash", u."PasswordResetExpiry", u."PasswordResetToken", u."ProfilePictureUrl", u."RefreshToken", u."RefreshTokenExpiry", u."Role", u."UpdatedAt", o0."Id", o0."CreatedAt", o0."DeletedAt", o0."Description", o0."IsActive", o0."IsDeleted", o0."LogoUrl", o0."Name", o0."Plan", o0."Slug", o0."UpdatedAt"
FROM "Users" AS u
INNER JOIN (
    SELECT o."Id", o."CreatedAt", o."DeletedAt", o."Description", o."IsActive", o."IsDeleted", o."LogoUrl", o."Name", o."Plan", o."Slug", o."UpdatedAt"
    FROM "Organizations" AS o
    WHERE NOT (o."IsDeleted")
) AS o0 ON u."OrganizationId" = o0."Id"
WHERE NOT (u."IsDeleted") AND u."Id" = @___currentUser_UserId_0
LIMIT 1
2026-07-13 10:25:40.652 +06:00 [INF] [0HNN0IOVCM71A:00000001] Executed DbCommand (1ms) [Parameters=[@__email_0='demo.admin@worksphere.io', @___currentUser_OrganizationId_1='00000000-0000-0000-0001-000000000001'], CommandType='"Text"', CommandTimeout='30']
SELECT EXISTS (
    SELECT 1
    FROM "Users" AS u
    WHERE NOT (u."IsDeleted") AND u."Email" = @__email_0 AND u."OrganizationId" = @___currentUser_OrganizationId_1)
2026-07-13 10:25:40.655 +06:00 [WRN] [0HNN0IOVCM71A:00000001] [0HNN0IOVCM71A:00000001] POST /api/organizations/me/invites → 400 (36.4ms)
2026-07-13 10:26:01.981 +06:00 [DBG] [0HNN0IOVCM71B:00000001] Permission granted: Owner → members.invite
2026-07-13 10:26:01.983 +06:00 [INF] [0HNN0IOVCM71B:00000001] Executed DbCommand (1ms) [Parameters=[@___currentUser_UserId_0='00000000-0000-0000-0002-000000000001'], CommandType='"Text"', CommandTimeout='30']
SELECT u."Id", u."CreatedAt", u."DeletedAt", u."Email", u."EmailVerificationExpiry", u."EmailVerificationToken", u."FirstName", u."IsActive", u."IsDeleted", u."IsEmailVerified", u."LastLoginAt", u."LastName", u."OrganizationId", u."PasswordHash", u."PasswordResetExpiry", u."PasswordResetToken", u."ProfilePictureUrl", u."RefreshToken", u."RefreshTokenExpiry", u."Role", u."UpdatedAt", o0."Id", o0."CreatedAt", o0."DeletedAt", o0."Description", o0."IsActive", o0."IsDeleted", o0."LogoUrl", o0."Name", o0."Plan", o0."Slug", o0."UpdatedAt"
FROM "Users" AS u
INNER JOIN (
    SELECT o."Id", o."CreatedAt", o."DeletedAt", o."Description", o."IsActive", o."IsDeleted", o."LogoUrl", o."Name", o."Plan", o."Slug", o."UpdatedAt"
    FROM "Organizations" AS o
    WHERE NOT (o."IsDeleted")
) AS o0 ON u."OrganizationId" = o0."Id"
WHERE NOT (u."IsDeleted") AND u."Id" = @___currentUser_UserId_0
LIMIT 1
2026-07-13 10:26:01.985 +06:00 [INF] [0HNN0IOVCM71B:00000001] Executed DbCommand (1ms) [Parameters=[@__email_0='newtest@worksphere.io', @___currentUser_OrganizationId_1='00000000-0000-0000-0001-000000000001'], CommandType='"Text"', CommandTimeout='30']
SELECT EXISTS (
    SELECT 1
    FROM "Users" AS u
    WHERE NOT (u."IsDeleted") AND u."Email" = @__email_0 AND u."OrganizationId" = @___currentUser_OrganizationId_1)
2026-07-13 10:26:02.013 +06:00 [INF] [0HNN0IOVCM71B:00000001] Executed DbCommand (7ms) [Parameters=[@__email_0='newtest@worksphere.io', @___currentUser_OrganizationId_1='00000000-0000-0000-0001-000000000001'], CommandType='"Text"', CommandTimeout='30']
SELECT o."Id", o."AcceptedAt", o."AcceptedByUserId", o."CreatedAt", o."DeletedAt", o."ExpiresAt", o."InvitedByUserId", o."InviteeEmail", o."IsDeleted", o."OrganizationId", o."Role", o."Status", o."Token", o."UpdatedAt"
FROM "OrganizationInvites" AS o
WHERE NOT (o."IsDeleted") AND o."InviteeEmail" = @__email_0 AND o."OrganizationId" = @___currentUser_OrganizationId_1 AND o."Status" = 'Pending' AND o."ExpiresAt" > now()
LIMIT 1
2026-07-13 10:26:02.095 +06:00 [INF] [0HNN0IOVCM71B:00000001] Executed DbCommand (13ms) [Parameters=[@p0='92097250-04f4-4c6f-8203-b58ca4f7457b', @p1=NULL (DbType = DateTime), @p2=NULL (DbType = Guid), @p3='2026-07-13T04:26:02.0657590Z' (DbType = DateTime), @p4=NULL (DbType = DateTime), @p5='2026-07-20T04:26:02.0143191Z' (DbType = DateTime), @p6='00000000-0000-0000-0002-000000000001', @p7='newtest@worksphere.io' (Nullable = false), @p8='False', @p9='00000000-0000-0000-0001-000000000001', @p10='Member' (Nullable = false), @p11='Pending' (Nullable = false), @p12='t_lKIaLDJMyiO9wLOgJ00EeM8YpjPdVHGJiWXd1O2IQ' (Nullable = false), @p13='2026-07-13T04:26:02.0658713Z' (DbType = DateTime)], CommandType='"Text"', CommandTimeout='30']
INSERT INTO "OrganizationInvites" ("Id", "AcceptedAt", "AcceptedByUserId", "CreatedAt", "DeletedAt", "ExpiresAt", "InvitedByUserId", "InviteeEmail", "IsDeleted", "OrganizationId", "Role", "Status", "Token", "UpdatedAt")
VALUES (@p0, @p1, @p2, @p3, @p4, @p5, @p6, @p7, @p8, @p9, @p10, @p11, @p12, @p13);
2026-07-13 10:26:02.096 +06:00 [INF] [0HNN0IOVCM71B:00000001] Invite created for newtest@worksphere.io to join org "00000000-0000-0000-0001-000000000001" as Member by "00000000-0000-0000-0002-000000000001"
2026-07-13 10:26:02.098 +06:00 [INF] [0HNN0IOVCM71B:00000001] Executed DbCommand (1ms) [Parameters=[@___currentUser_OrganizationId_0='00000000-0000-0000-0001-000000000001'], CommandType='"Text"', CommandTimeout='30']
SELECT o."Id", o."CreatedAt", o."DeletedAt", o."Description", o."IsActive", o."IsDeleted", o."LogoUrl", o."Name", o."Plan", o."Slug", o."UpdatedAt"
FROM "Organizations" AS o
WHERE NOT (o."IsDeleted") AND o."Id" = @___currentUser_OrganizationId_0
LIMIT 1
2026-07-13 10:26:02.101 +06:00 [INF] [0HNN0IOVCM71B:00000001] [0HNN0IOVCM71B:00000001] POST /api/organizations/me/invites → 201 (120.4ms)
2026-07-13 10:26:02.113 +06:00 [DBG] [0HNN0IOVCM71C:00000001] Permission granted: Owner → members.invite
2026-07-13 10:26:02.113 +06:00 [DBG] [0HNN0IOVCM71D:00000001] Permission granted: Owner → organizations.view
2026-07-13 10:26:02.115 +06:00 [INF] [0HNN0IOVCM71C:00000001] Executed DbCommand (1ms) [Parameters=[@___currentUser_UserId_0='00000000-0000-0000-0002-000000000001'], CommandType='"Text"', CommandTimeout='30']
SELECT u."Id", u."CreatedAt", u."DeletedAt", u."Email", u."EmailVerificationExpiry", u."EmailVerificationToken", u."FirstName", u."IsActive", u."IsDeleted", u."IsEmailVerified", u."LastLoginAt", u."LastName", u."OrganizationId", u."PasswordHash", u."PasswordResetExpiry", u."PasswordResetToken", u."ProfilePictureUrl", u."RefreshToken", u."RefreshTokenExpiry", u."Role", u."UpdatedAt", o0."Id", o0."CreatedAt", o0."DeletedAt", o0."Description", o0."IsActive", o0."IsDeleted", o0."LogoUrl", o0."Name", o0."Plan", o0."Slug", o0."UpdatedAt"
FROM "Users" AS u
INNER JOIN (
    SELECT o."Id", o."CreatedAt", o."DeletedAt", o."Description", o."IsActive", o."IsDeleted", o."LogoUrl", o."Name", o."Plan", o."Slug", o."UpdatedAt"
    FROM "Organizations" AS o
    WHERE NOT (o."IsDeleted")
) AS o0 ON u."OrganizationId" = o0."Id"
WHERE NOT (u."IsDeleted") AND u."Id" = @___currentUser_UserId_0
LIMIT 1
2026-07-13 10:26:02.115 +06:00 [INF] [0HNN0IOVCM71D:00000001] Executed DbCommand (1ms) [Parameters=[@___currentUser_UserId_0='00000000-0000-0000-0002-000000000001'], CommandType='"Text"', CommandTimeout='30']
SELECT u."Id", u."CreatedAt", u."DeletedAt", u."Email", u."EmailVerificationExpiry", u."EmailVerificationToken", u."FirstName", u."IsActive", u."IsDeleted", u."IsEmailVerified", u."LastLoginAt", u."LastName", u."OrganizationId", u."PasswordHash", u."PasswordResetExpiry", u."PasswordResetToken", u."ProfilePictureUrl", u."RefreshToken", u."RefreshTokenExpiry", u."Role", u."UpdatedAt", o0."Id", o0."CreatedAt", o0."DeletedAt", o0."Description", o0."IsActive", o0."IsDeleted", o0."LogoUrl", o0."Name", o0."Plan", o0."Slug", o0."UpdatedAt"
FROM "Users" AS u
INNER JOIN (
    SELECT o."Id", o."CreatedAt", o."DeletedAt", o."Description", o."IsActive", o."IsDeleted", o."LogoUrl", o."Name", o."Plan", o."Slug", o."UpdatedAt"
    FROM "Organizations" AS o
    WHERE NOT (o."IsDeleted")
) AS o0 ON u."OrganizationId" = o0."Id"
WHERE NOT (u."IsDeleted") AND u."Id" = @___currentUser_UserId_0
LIMIT 1
2026-07-13 10:26:02.117 +06:00 [INF] [0HNN0IOVCM71D:00000001] Executed DbCommand (1ms) [Parameters=[@___currentUser_OrganizationId_0='00000000-0000-0000-0001-000000000001'], CommandType='"Text"', CommandTimeout='30']
SELECT o."Id", o."CreatedAt", o."DeletedAt", o."Description", o."IsActive", o."IsDeleted", o."LogoUrl", o."Name", o."Plan", o."Slug", o."UpdatedAt"
FROM "Organizations" AS o
WHERE NOT (o."IsDeleted") AND o."Id" = @___currentUser_OrganizationId_0
LIMIT 1
2026-07-13 10:26:02.117 +06:00 [INF] [0HNN0IOVCM71C:00000001] Executed DbCommand (1ms) [Parameters=[@___currentUser_OrganizationId_0='00000000-0000-0000-0001-000000000001'], CommandType='"Text"', CommandTimeout='30']
SELECT o."Id", o."AcceptedAt", o."AcceptedByUserId", o."CreatedAt", o."DeletedAt", o."ExpiresAt", o."InvitedByUserId", o."InviteeEmail", o."IsDeleted", o."OrganizationId", o."Role", o."Status", o."Token", o."UpdatedAt", u0."Id", u0."CreatedAt", u0."DeletedAt", u0."Email", u0."EmailVerificationExpiry", u0."EmailVerificationToken", u0."FirstName", u0."IsActive", u0."IsDeleted", u0."IsEmailVerified", u0."LastLoginAt", u0."LastName", u0."OrganizationId", u0."PasswordHash", u0."PasswordResetExpiry", u0."PasswordResetToken", u0."ProfilePictureUrl", u0."RefreshToken", u0."RefreshTokenExpiry", u0."Role", u0."UpdatedAt"
FROM "OrganizationInvites" AS o
INNER JOIN (
    SELECT u."Id", u."CreatedAt", u."DeletedAt", u."Email", u."EmailVerificationExpiry", u."EmailVerificationToken", u."FirstName", u."IsActive", u."IsDeleted", u."IsEmailVerified", u."LastLoginAt", u."LastName", u."OrganizationId", u."PasswordHash", u."PasswordResetExpiry", u."PasswordResetToken", u."ProfilePictureUrl", u."RefreshToken", u."RefreshTokenExpiry", u."Role", u."UpdatedAt"
    FROM "Users" AS u
    WHERE NOT (u."IsDeleted")
) AS u0 ON o."InvitedByUserId" = u0."Id"
WHERE NOT (o."IsDeleted") AND o."OrganizationId" = @___currentUser_OrganizationId_0
ORDER BY o."CreatedAt" DESC
2026-07-13 10:26:02.118 +06:00 [INF] [0HNN0IOVCM71D:00000001] Executed DbCommand (1ms) [Parameters=[@___currentUser_OrganizationId_0='00000000-0000-0000-0001-000000000001'], CommandType='"Text"', CommandTimeout='30']
SELECT count(*)::int
FROM "Users" AS u
WHERE NOT (u."IsDeleted") AND u."OrganizationId" = @___currentUser_OrganizationId_0 AND u."IsActive"
2026-07-13 10:26:02.118 +06:00 [INF] [0HNN0IOVCM71D:00000001] Org profile retrieved by "00000000-0000-0000-0002-000000000001" for org "00000000-0000-0000-0001-000000000001"
2026-07-13 10:26:02.119 +06:00 [INF] [0HNN0IOVCM71D:00000001] [0HNN0IOVCM71D:00000001] GET /api/organizations/me → 200 (6.1ms)
2026-07-13 10:26:02.119 +06:00 [INF] [0HNN0IOVCM71C:00000001] [0HNN0IOVCM71C:00000001] GET /api/organizations/me/invites → 200 (6.4ms)
2026-07-13 10:26:13.241 +06:00 [DBG] [0HNN0IOVCM71E:00000001] Permission granted: Owner → members.invite
2026-07-13 10:26:13.243 +06:00 [INF] [0HNN0IOVCM71E:00000001] Executed DbCommand (1ms) [Parameters=[@___currentUser_UserId_0='00000000-0000-0000-0002-000000000001'], CommandType='"Text"', CommandTimeout='30']
SELECT u."Id", u."CreatedAt", u."DeletedAt", u."Email", u."EmailVerificationExpiry", u."EmailVerificationToken", u."FirstName", u."IsActive", u."IsDeleted", u."IsEmailVerified", u."LastLoginAt", u."LastName", u."OrganizationId", u."PasswordHash", u."PasswordResetExpiry", u."PasswordResetToken", u."ProfilePictureUrl", u."RefreshToken", u."RefreshTokenExpiry", u."Role", u."UpdatedAt", o0."Id", o0."CreatedAt", o0."DeletedAt", o0."Description", o0."IsActive", o0."IsDeleted", o0."LogoUrl", o0."Name", o0."Plan", o0."Slug", o0."UpdatedAt"
FROM "Users" AS u
INNER JOIN (
    SELECT o."Id", o."CreatedAt", o."DeletedAt", o."Description", o."IsActive", o."IsDeleted", o."LogoUrl", o."Name", o."Plan", o."Slug", o."UpdatedAt"
    FROM "Organizations" AS o
    WHERE NOT (o."IsDeleted")
) AS o0 ON u."OrganizationId" = o0."Id"
WHERE NOT (u."IsDeleted") AND u."Id" = @___currentUser_UserId_0
LIMIT 1
2026-07-13 10:26:13.259 +06:00 [INF] [0HNN0IOVCM71E:00000001] Executed DbCommand (1ms) [Parameters=[@__inviteId_0='92097250-04f4-4c6f-8203-b58ca4f7457b'], CommandType='"Text"', CommandTimeout='30']
SELECT o."Id", o."AcceptedAt", o."AcceptedByUserId", o."CreatedAt", o."DeletedAt", o."ExpiresAt", o."InvitedByUserId", o."InviteeEmail", o."IsDeleted", o."OrganizationId", o."Role", o."Status", o."Token", o."UpdatedAt"
FROM "OrganizationInvites" AS o
WHERE NOT (o."IsDeleted") AND o."Id" = @__inviteId_0
LIMIT 1
2026-07-13 10:26:13.287 +06:00 [INF] [0HNN0IOVCM71E:00000001] Executed DbCommand (24ms) [Parameters=[@p2='92097250-04f4-4c6f-8203-b58ca4f7457b', @p0='Cancelled' (Nullable = false), @p1='2026-07-13T04:26:13.2616769Z' (DbType = DateTime)], CommandType='"Text"', CommandTimeout='30']
UPDATE "OrganizationInvites" SET "Status" = @p0, "UpdatedAt" = @p1
WHERE "Id" = @p2;
2026-07-13 10:26:13.287 +06:00 [INF] [0HNN0IOVCM71E:00000001] Invite "92097250-04f4-4c6f-8203-b58ca4f7457b" cancelled by "00000000-0000-0000-0002-000000000001"
2026-07-13 10:26:13.288 +06:00 [INF] [0HNN0IOVCM71E:00000001] [0HNN0IOVCM71E:00000001] DELETE /api/organizations/me/invites/92097250-04f4-4c6f-8203-b58ca4f7457b → 200 (47.5ms)
2026-07-13 10:26:13.295 +06:00 [DBG] [0HNN0IOVCM71F:00000001] Permission granted: Owner → members.invite
2026-07-13 10:26:13.297 +06:00 [INF] [0HNN0IOVCM71F:00000001] Executed DbCommand (1ms) [Parameters=[@___currentUser_UserId_0='00000000-0000-0000-0002-000000000001'], CommandType='"Text"', CommandTimeout='30']
SELECT u."Id", u."CreatedAt", u."DeletedAt", u."Email", u."EmailVerificationExpiry", u."EmailVerificationToken", u."FirstName", u."IsActive", u."IsDeleted", u."IsEmailVerified", u."LastLoginAt", u."LastName", u."OrganizationId", u."PasswordHash", u."PasswordResetExpiry", u."PasswordResetToken", u."ProfilePictureUrl", u."RefreshToken", u."RefreshTokenExpiry", u."Role", u."UpdatedAt", o0."Id", o0."CreatedAt", o0."DeletedAt", o0."Description", o0."IsActive", o0."IsDeleted", o0."LogoUrl", o0."Name", o0."Plan", o0."Slug", o0."UpdatedAt"
FROM "Users" AS u
INNER JOIN (
    SELECT o."Id", o."CreatedAt", o."DeletedAt", o."Description", o."IsActive", o."IsDeleted", o."LogoUrl", o."Name", o."Plan", o."Slug", o."UpdatedAt"
    FROM "Organizations" AS o
    WHERE NOT (o."IsDeleted")
) AS o0 ON u."OrganizationId" = o0."Id"
WHERE NOT (u."IsDeleted") AND u."Id" = @___currentUser_UserId_0
LIMIT 1
2026-07-13 10:26:13.299 +06:00 [INF] [0HNN0IOVCM71F:00000001] Executed DbCommand (1ms) [Parameters=[@___currentUser_OrganizationId_0='00000000-0000-0000-0001-000000000001'], CommandType='"Text"', CommandTimeout='30']
SELECT o."Id", o."AcceptedAt", o."AcceptedByUserId", o."CreatedAt", o."DeletedAt", o."ExpiresAt", o."InvitedByUserId", o."InviteeEmail", o."IsDeleted", o."OrganizationId", o."Role", o."Status", o."Token", o."UpdatedAt", u0."Id", u0."CreatedAt", u0."DeletedAt", u0."Email", u0."EmailVerificationExpiry", u0."EmailVerificationToken", u0."FirstName", u0."IsActive", u0."IsDeleted", u0."IsEmailVerified", u0."LastLoginAt", u0."LastName", u0."OrganizationId", u0."PasswordHash", u0."PasswordResetExpiry", u0."PasswordResetToken", u0."ProfilePictureUrl", u0."RefreshToken", u0."RefreshTokenExpiry", u0."Role", u0."UpdatedAt"
FROM "OrganizationInvites" AS o
INNER JOIN (
    SELECT u."Id", u."CreatedAt", u."DeletedAt", u."Email", u."EmailVerificationExpiry", u."EmailVerificationToken", u."FirstName", u."IsActive", u."IsDeleted", u."IsEmailVerified", u."LastLoginAt", u."LastName", u."OrganizationId", u."PasswordHash", u."PasswordResetExpiry", u."PasswordResetToken", u."ProfilePictureUrl", u."RefreshToken", u."RefreshTokenExpiry", u."Role", u."UpdatedAt"
    FROM "Users" AS u
    WHERE NOT (u."IsDeleted")
) AS u0 ON o."InvitedByUserId" = u0."Id"
WHERE NOT (o."IsDeleted") AND o."OrganizationId" = @___currentUser_OrganizationId_0
ORDER BY o."CreatedAt" DESC
2026-07-13 10:26:13.300 +06:00 [INF] [0HNN0IOVCM71F:00000001] [0HNN0IOVCM71F:00000001] GET /api/organizations/me/invites → 200 (5.5ms)
2026-07-13 10:27:24.520 +06:00 [INF] [0HNN0IOVCM71G:00000001] Executed DbCommand (37ms) [Parameters=[@___currentUser_UserId_0='00000000-0000-0000-0002-000000000001'], CommandType='"Text"', CommandTimeout='30']
SELECT u."Id", u."CreatedAt", u."DeletedAt", u."Email", u."EmailVerificationExpiry", u."EmailVerificationToken", u."FirstName", u."IsActive", u."IsDeleted", u."IsEmailVerified", u."LastLoginAt", u."LastName", u."OrganizationId", u."PasswordHash", u."PasswordResetExpiry", u."PasswordResetToken", u."ProfilePictureUrl", u."RefreshToken", u."RefreshTokenExpiry", u."Role", u."UpdatedAt", o0."Id", o0."CreatedAt", o0."DeletedAt", o0."Description", o0."IsActive", o0."IsDeleted", o0."LogoUrl", o0."Name", o0."Plan", o0."Slug", o0."UpdatedAt"
FROM "Users" AS u
INNER JOIN (
    SELECT o."Id", o."CreatedAt", o."DeletedAt", o."Description", o."IsActive", o."IsDeleted", o."LogoUrl", o."Name", o."Plan", o."Slug", o."UpdatedAt"
    FROM "Organizations" AS o
    WHERE NOT (o."IsDeleted")
) AS o0 ON u."OrganizationId" = o0."Id"
WHERE NOT (u."IsDeleted") AND u."Id" = @___currentUser_UserId_0
LIMIT 1
2026-07-13 10:27:24.525 +06:00 [INF] [0HNN0IOVCM71G:00000001] Executed DbCommand (2ms) [Parameters=[@__refreshToken_0='LqTpw5fL+X8VNK8dkKMvUy+8d2VMLmg42RKuinc3CP+jnWF0SyXGYRwNTo9bsZanUX1qk5pjYl7RTOEB438eiQ=='], CommandType='"Text"', CommandTimeout='30']
SELECT u."Id", u."CreatedAt", u."DeletedAt", u."Email", u."EmailVerificationExpiry", u."EmailVerificationToken", u."FirstName", u."IsActive", u."IsDeleted", u."IsEmailVerified", u."LastLoginAt", u."LastName", u."OrganizationId", u."PasswordHash", u."PasswordResetExpiry", u."PasswordResetToken", u."ProfilePictureUrl", u."RefreshToken", u."RefreshTokenExpiry", u."Role", u."UpdatedAt"
FROM "Users" AS u
WHERE NOT (u."IsDeleted") AND u."RefreshToken" = @__refreshToken_0
LIMIT 1
2026-07-13 10:27:24.531 +06:00 [INF] [0HNN0IOVCM71G:00000001] Executed DbCommand (5ms) [Parameters=[@p3='00000000-0000-0000-0002-000000000001', @p0=NULL, @p1=NULL (DbType = DateTime), @p2='2026-07-13T04:27:24.5256544Z' (DbType = DateTime)], CommandType='"Text"', CommandTimeout='30']
UPDATE "Users" SET "RefreshToken" = @p0, "RefreshTokenExpiry" = @p1, "UpdatedAt" = @p2
WHERE "Id" = @p3;
2026-07-13 10:27:24.531 +06:00 [INF] [0HNN0IOVCM71G:00000001] Refresh token revoked for user "00000000-0000-0000-0002-000000000001" — logout complete
2026-07-13 10:27:24.532 +06:00 [INF] [0HNN0IOVCM71G:00000001] [0HNN0IOVCM71G:00000001] POST /api/auth/revoke → 200 (99.0ms)
2026-07-13 10:27:36.153 +06:00 [INF] [0HNN0IOVCM71H:00000001] Executed DbCommand (4ms) [Parameters=[@__email_0='demo.admin@worksphere.io'], CommandType='"Text"', CommandTimeout='30']
SELECT u."Id", u."CreatedAt", u."DeletedAt", u."Email", u."EmailVerificationExpiry", u."EmailVerificationToken", u."FirstName", u."IsActive", u."IsDeleted", u."IsEmailVerified", u."LastLoginAt", u."LastName", u."OrganizationId", u."PasswordHash", u."PasswordResetExpiry", u."PasswordResetToken", u."ProfilePictureUrl", u."RefreshToken", u."RefreshTokenExpiry", u."Role", u."UpdatedAt", o0."Id", o0."CreatedAt", o0."DeletedAt", o0."Description", o0."IsActive", o0."IsDeleted", o0."LogoUrl", o0."Name", o0."Plan", o0."Slug", o0."UpdatedAt"
FROM "Users" AS u
INNER JOIN (
    SELECT o."Id", o."CreatedAt", o."DeletedAt", o."Description", o."IsActive", o."IsDeleted", o."LogoUrl", o."Name", o."Plan", o."Slug", o."UpdatedAt"
    FROM "Organizations" AS o
    WHERE NOT (o."IsDeleted")
) AS o0 ON u."OrganizationId" = o0."Id"
WHERE NOT (u."IsDeleted") AND u."Email" = @__email_0
LIMIT 1
2026-07-13 10:27:36.542 +06:00 [DBG] [0HNN0IOVCM71H:00000001] JWT access token generated for user "00000000-0000-0000-0002-000000000002" — expires "2026-07-13T04:42:36.5420566Z"
2026-07-13 10:27:36.542 +06:00 [DBG] [0HNN0IOVCM71H:00000001] Refresh token generated — expires "2026-07-20T04:27:36.5427854Z"
2026-07-13 10:27:36.544 +06:00 [INF] [0HNN0IOVCM71H:00000001] Executed DbCommand (1ms) [Parameters=[@p4='00000000-0000-0000-0002-000000000002', @p0='2026-07-13T04:27:36.5430095Z' (Nullable = true) (DbType = DateTime), @p1='W/G3YFdD2SGQPaMeLp5qvHsom3khhdWuwwjpeqtDlvyrBTwL0IXSIfodEmM+oo8zhjqsnYWWuBdZRwQJc0xyQg==', @p2='2026-07-20T04:27:36.5430085Z' (Nullable = true) (DbType = DateTime), @p3='2026-07-13T04:27:36.5430781Z' (DbType = DateTime)], CommandType='"Text"', CommandTimeout='30']
UPDATE "Users" SET "LastLoginAt" = @p0, "RefreshToken" = @p1, "RefreshTokenExpiry" = @p2, "UpdatedAt" = @p3
WHERE "Id" = @p4;
2026-07-13 10:27:36.544 +06:00 [INF] [0HNN0IOVCM71H:00000001] User "00000000-0000-0000-0002-000000000002" logged in from org "00000000-0000-0000-0001-000000000001"
2026-07-13 10:27:36.545 +06:00 [INF] [0HNN0IOVCM71H:00000001] [0HNN0IOVCM71H:00000001] POST /api/auth/login → 200 (402.9ms)
2026-07-13 10:27:36.578 +06:00 [INF] [0HNN0IOVCM71I:00000001] Executed DbCommand (2ms) [Parameters=[@___currentUser_UserId_0='00000000-0000-0000-0002-000000000002'], CommandType='"Text"', CommandTimeout='30']
SELECT u."Id", u."CreatedAt", u."DeletedAt", u."Email", u."EmailVerificationExpiry", u."EmailVerificationToken", u."FirstName", u."IsActive", u."IsDeleted", u."IsEmailVerified", u."LastLoginAt", u."LastName", u."OrganizationId", u."PasswordHash", u."PasswordResetExpiry", u."PasswordResetToken", u."ProfilePictureUrl", u."RefreshToken", u."RefreshTokenExpiry", u."Role", u."UpdatedAt", o0."Id", o0."CreatedAt", o0."DeletedAt", o0."Description", o0."IsActive", o0."IsDeleted", o0."LogoUrl", o0."Name", o0."Plan", o0."Slug", o0."UpdatedAt"
FROM "Users" AS u
INNER JOIN (
    SELECT o."Id", o."CreatedAt", o."DeletedAt", o."Description", o."IsActive", o."IsDeleted", o."LogoUrl", o."Name", o."Plan", o."Slug", o."UpdatedAt"
    FROM "Organizations" AS o
    WHERE NOT (o."IsDeleted")
) AS o0 ON u."OrganizationId" = o0."Id"
WHERE NOT (u."IsDeleted") AND u."Id" = @___currentUser_UserId_0
LIMIT 1
2026-07-13 10:27:36.580 +06:00 [INF] [0HNN0IOVCM71I:00000001] Executed DbCommand (1ms) [Parameters=[@___currentUser_OrganizationId_0='00000000-0000-0000-0001-000000000001'], CommandType='"Text"', CommandTimeout='30']
SELECT o."Id", o."CreatedAt", o."DeletedAt", o."Description", o."IsActive", o."IsDeleted", o."LogoUrl", o."Name", o."Plan", o."Slug", o."UpdatedAt"
FROM "Organizations" AS o
WHERE NOT (o."IsDeleted") AND o."Id" = @___currentUser_OrganizationId_0
LIMIT 1
2026-07-13 10:27:36.581 +06:00 [INF] [0HNN0IOVCM71I:00000001] [0HNN0IOVCM71I:00000001] GET /api/auth/context → 200 (6.1ms)
2026-07-13 10:27:40.398 +06:00 [DBG] [0HNN0IOVCM71J:00000001] Permission granted: Admin → members.view
2026-07-13 10:27:40.398 +06:00 [DBG] [0HNN0IOVCM71K:00000001] Permission granted: Admin → members.invite
2026-07-13 10:27:40.400 +06:00 [INF] [0HNN0IOVCM71K:00000001] Executed DbCommand (1ms) [Parameters=[@___currentUser_UserId_0='00000000-0000-0000-0002-000000000002'], CommandType='"Text"', CommandTimeout='30']
SELECT u."Id", u."CreatedAt", u."DeletedAt", u."Email", u."EmailVerificationExpiry", u."EmailVerificationToken", u."FirstName", u."IsActive", u."IsDeleted", u."IsEmailVerified", u."LastLoginAt", u."LastName", u."OrganizationId", u."PasswordHash", u."PasswordResetExpiry", u."PasswordResetToken", u."ProfilePictureUrl", u."RefreshToken", u."RefreshTokenExpiry", u."Role", u."UpdatedAt", o0."Id", o0."CreatedAt", o0."DeletedAt", o0."Description", o0."IsActive", o0."IsDeleted", o0."LogoUrl", o0."Name", o0."Plan", o0."Slug", o0."UpdatedAt"
FROM "Users" AS u
INNER JOIN (
    SELECT o."Id", o."CreatedAt", o."DeletedAt", o."Description", o."IsActive", o."IsDeleted", o."LogoUrl", o."Name", o."Plan", o."Slug", o."UpdatedAt"
    FROM "Organizations" AS o
    WHERE NOT (o."IsDeleted")
) AS o0 ON u."OrganizationId" = o0."Id"
WHERE NOT (u."IsDeleted") AND u."Id" = @___currentUser_UserId_0
LIMIT 1
2026-07-13 10:27:40.409 +06:00 [INF] [0HNN0IOVCM71K:00000001] Executed DbCommand (8ms) [Parameters=[@___currentUser_OrganizationId_0='00000000-0000-0000-0001-000000000001'], CommandType='"Text"', CommandTimeout='30']
SELECT o."Id", o."AcceptedAt", o."AcceptedByUserId", o."CreatedAt", o."DeletedAt", o."ExpiresAt", o."InvitedByUserId", o."InviteeEmail", o."IsDeleted", o."OrganizationId", o."Role", o."Status", o."Token", o."UpdatedAt", u0."Id", u0."CreatedAt", u0."DeletedAt", u0."Email", u0."EmailVerificationExpiry", u0."EmailVerificationToken", u0."FirstName", u0."IsActive", u0."IsDeleted", u0."IsEmailVerified", u0."LastLoginAt", u0."LastName", u0."OrganizationId", u0."PasswordHash", u0."PasswordResetExpiry", u0."PasswordResetToken", u0."ProfilePictureUrl", u0."RefreshToken", u0."RefreshTokenExpiry", u0."Role", u0."UpdatedAt"
FROM "OrganizationInvites" AS o
INNER JOIN (
    SELECT u."Id", u."CreatedAt", u."DeletedAt", u."Email", u."EmailVerificationExpiry", u."EmailVerificationToken", u."FirstName", u."IsActive", u."IsDeleted", u."IsEmailVerified", u."LastLoginAt", u."LastName", u."OrganizationId", u."PasswordHash", u."PasswordResetExpiry", u."PasswordResetToken", u."ProfilePictureUrl", u."RefreshToken", u."RefreshTokenExpiry", u."Role", u."UpdatedAt"
    FROM "Users" AS u
    WHERE NOT (u."IsDeleted")
) AS u0 ON o."InvitedByUserId" = u0."Id"
WHERE NOT (o."IsDeleted") AND o."OrganizationId" = @___currentUser_OrganizationId_0
ORDER BY o."CreatedAt" DESC
2026-07-13 10:27:40.411 +06:00 [INF] [0HNN0IOVCM71K:00000001] [0HNN0IOVCM71K:00000001] GET /api/organizations/me/invites → 200 (13.1ms)
2026-07-13 10:27:40.450 +06:00 [INF] [0HNN0IOVCM71J:00000001] Executed DbCommand (6ms) [Parameters=[@___currentUser_UserId_0='00000000-0000-0000-0002-000000000002'], CommandType='"Text"', CommandTimeout='30']
SELECT u."Id", u."CreatedAt", u."DeletedAt", u."Email", u."EmailVerificationExpiry", u."EmailVerificationToken", u."FirstName", u."IsActive", u."IsDeleted", u."IsEmailVerified", u."LastLoginAt", u."LastName", u."OrganizationId", u."PasswordHash", u."PasswordResetExpiry", u."PasswordResetToken", u."ProfilePictureUrl", u."RefreshToken", u."RefreshTokenExpiry", u."Role", u."UpdatedAt", o0."Id", o0."CreatedAt", o0."DeletedAt", o0."Description", o0."IsActive", o0."IsDeleted", o0."LogoUrl", o0."Name", o0."Plan", o0."Slug", o0."UpdatedAt"
FROM "Users" AS u
INNER JOIN (
    SELECT o."Id", o."CreatedAt", o."DeletedAt", o."Description", o."IsActive", o."IsDeleted", o."LogoUrl", o."Name", o."Plan", o."Slug", o."UpdatedAt"
    FROM "Organizations" AS o
    WHERE NOT (o."IsDeleted")
) AS o0 ON u."OrganizationId" = o0."Id"
WHERE NOT (u."IsDeleted") AND u."Id" = @___currentUser_UserId_0
LIMIT 1
2026-07-13 10:27:40.454 +06:00 [INF] [0HNN0IOVCM71J:00000001] Executed DbCommand (3ms) [Parameters=[@___currentUser_OrganizationId_0='00000000-0000-0000-0001-000000000001'], CommandType='"Text"', CommandTimeout='30']
SELECT count(*)::int
FROM "Users" AS u
WHERE NOT (u."IsDeleted") AND u."OrganizationId" = @___currentUser_OrganizationId_0
2026-07-13 10:27:40.456 +06:00 [INF] [0HNN0IOVCM71J:00000001] Executed DbCommand (1ms) [Parameters=[@___currentUser_OrganizationId_0='00000000-0000-0000-0001-000000000001', @__p_2='100', @__p_1='0'], CommandType='"Text"', CommandTimeout='30']
SELECT u."Id", u."CreatedAt", u."DeletedAt", u."Email", u."EmailVerificationExpiry", u."EmailVerificationToken", u."FirstName", u."IsActive", u."IsDeleted", u."IsEmailVerified", u."LastLoginAt", u."LastName", u."OrganizationId", u."PasswordHash", u."PasswordResetExpiry", u."PasswordResetToken", u."ProfilePictureUrl", u."RefreshToken", u."RefreshTokenExpiry", u."Role", u."UpdatedAt"
FROM "Users" AS u
WHERE NOT (u."IsDeleted") AND u."OrganizationId" = @___currentUser_OrganizationId_0
ORDER BY u."FirstName", u."LastName"
LIMIT @__p_2 OFFSET @__p_1
2026-07-13 10:27:40.456 +06:00 [INF] [0HNN0IOVCM71J:00000001] Members listed for org "00000000-0000-0000-0001-000000000001" — page 1, 4 results
2026-07-13 10:27:40.457 +06:00 [INF] [0HNN0IOVCM71J:00000001] [0HNN0IOVCM71J:00000001] GET /api/organizations/me/members → 200 (59.2ms)
